{"/home/coder/projects/expensetracker/backend/src/app.js": {"path":"/home/coder/projects/expensetracker/backend/src/app.js","statementMap":{"0":{"start":{"line":29,"column":12},"end":{"line":29,"column":21}},"1":{"start":{"line":33,"column":0},"end":{"line":33,"column":18}},"2":{"start":{"line":34,"column":0},"end":{"line":34,"column":61}},"3":{"start":{"line":35,"column":0},"end":{"line":35,"column":23}},"4":{"start":{"line":36,"column":0},"end":{"line":36,"column":39}},"5":{"start":{"line":37,"column":0},"end":{"line":37,"column":61}},"6":{"start":{"line":38,"column":0},"end":{"line":38,"column":24}},"7":{"start":{"line":39,"column":0},"end":{"line":39,"column":26}},"8":{"start":{"line":42,"column":0},"end":{"line":42,"column":19}},"9":{"start":{"line":43,"column":0},"end":{"line":43,"column":21}},"10":{"start":{"line":46,"column":16},"end":{"line":52,"column":2}},"11":{"start":{"line":56,"column":0},"end":{"line":56,"column":90}},"12":{"start":{"line":57,"column":0},"end":{"line":57,"column":25}},"13":{"start":{"line":58,"column":0},"end":{"line":58,"column":27}},"14":{"start":{"line":61,"column":0},"end":{"line":61,"column":25}},"15":{"start":{"line":64,"column":0},"end":{"line":64,"column":22}}},"fnMap":{},"branchMap":{},"s":{"0":0,"1":0,"2":0,"3":0,"4":0,"5":0,"6":0,"7":0,"8":0,"9":0,"10":0,"11":0,"12":0,"13":0,"14":0,"15":0},"f":{},"b":{}}
,"/home/coder/projects/expensetracker/backend/src/server.js": {"path":"/home/coder/projects/expensetracker/backend/src/server.js","statementMap":{"0":{"start":{"line":38,"column":25},"end":{"line":47,"column":1}},"1":{"start":{"line":39,"column":4},"end":{"line":39,"column":66}},"2":{"start":{"line":40,"column":4},"end":{"line":40,"column":66}},"3":{"start":{"line":41,"column":4},"end":{"line":41,"column":31}},"4":{"start":{"line":42,"column":4},"end":{"line":46,"column":7}},"5":{"start":{"line":43,"column":8},"end":{"line":43,"column":43}},"6":{"start":{"line":44,"column":8},"end":{"line":44,"column":43}},"7":{"start":{"line":45,"column":8},"end":{"line":45,"column":24}},"8":{"start":{"line":50,"column":0},"end":{"line":50,"column":57}},"9":{"start":{"line":50,"column":28},"end":{"line":50,"column":55}},"10":{"start":{"line":51,"column":0},"end":{"line":51,"column":55}},"11":{"start":{"line":51,"column":27},"end":{"line":51,"column":53}},"12":{"start":{"line":71,"column":20},"end":{"line":95,"column":1}},"13":{"start":{"line":72,"column":4},"end":{"line":94,"column":5}},"14":{"start":{"line":73,"column":8},"end":{"line":73,"column":32}},"15":{"start":{"line":74,"column":8},"end":{"line":74,"column":55}},"16":{"start":{"line":75,"column":8},"end":{"line":88,"column":10}},"17":{"start":{"line":76,"column":31},"end":{"line":80,"column":13}},"18":{"start":{"line":82,"column":12},"end":{"line":82,"column":59}},"19":{"start":{"line":84,"column":12},"end":{"line":84,"column":65}},"20":{"start":{"line":85,"column":12},"end":{"line":85,"column":58}},"21":{"start":{"line":86,"column":12},"end":{"line":86,"column":92}},"22":{"start":{"line":87,"column":12},"end":{"line":87,"column":47}},"23":{"start":{"line":91,"column":8},"end":{"line":91,"column":73}},"24":{"start":{"line":92,"column":8},"end":{"line":92,"column":56}},"25":{"start":{"line":93,"column":8},"end":{"line":93,"column":24}},"26":{"start":{"line":98,"column":0},"end":{"line":98,"column":14}}},"fnMap":{"0":{"name":"(anonymous_0)","decl":{"start":{"line":38,"column":25},"end":{"line":38,"column":26}},"loc":{"start":{"line":38,"column":43},"end":{"line":47,"column":1}},"line":38},"1":{"name":"(anonymous_1)","decl":{"start":{"line":42,"column":17},"end":{"line":42,"column":18}},"loc":{"start":{"line":42,"column":23},"end":{"line":46,"column":5}},"line":42},"2":{"name":"(anonymous_2)","decl":{"start":{"line":50,"column":22},"end":{"line":50,"column":23}},"loc":{"start":{"line":50,"column":28},"end":{"line":50,"column":55}},"line":50},"3":{"name":"(anonymous_3)","decl":{"start":{"line":51,"column":21},"end":{"line":51,"column":22}},"loc":{"start":{"line":51,"column":27},"end":{"line":51,"column":53}},"line":51},"4":{"name":"(anonymous_4)","decl":{"start":{"line":71,"column":20},"end":{"line":71,"column":21}},"loc":{"start":{"line":71,"column":32},"end":{"line":95,"column":1}},"line":71},"5":{"name":"(anonymous_5)","decl":{"start":{"line":75,"column":41},"end":{"line":75,"column":42}},"loc":{"start":{"line":75,"column":47},"end":{"line":88,"column":9}},"line":75}},"branchMap":{},"s":{"0":0,"1":0,"2":0,"3":0,"4":0,"5":0,"6":0,"7":0,"8":0,"9":0,"10":0,"11":0,"12":0,"13":0,"14":0,"15":0,"16":0,"17":0,"18":0,"19":0,"20":0,"21":0,"22":0,"23":0,"24":0,"25":0,"26":0},"f":{"0":0,"1":0,"2":0,"3":0,"4":0,"5":0},"b":{}}
,"/home/coder/projects/expensetracker/backend/src/controllers/auth.controller.js": {"path":"/home/coder/projects/expensetracker/backend/src/controllers/auth.controller.js","statementMap":{"0":{"start":{"line":35,"column":24},"end":{"line":65,"column":2}},"1":{"start":{"line":37,"column":61},"end":{"line":37,"column":73}},"2":{"start":{"line":38,"column":21},"end":{"line":38,"column":94}},"3":{"start":{"line":40,"column":17},"end":{"line":40,"column":91}},"4":{"start":{"line":41,"column":41},"end":{"line":41,"column":76}},"5":{"start":{"line":43,"column":4},"end":{"line":43,"column":64}},"6":{"start":{"line":44,"column":4},"end":{"line":50,"column":7}},"7":{"start":{"line":51,"column":30},"end":{"line":51,"column":68}},"8":{"start":{"line":52,"column":4},"end":{"line":52,"column":59}},"9":{"start":{"line":54,"column":4},"end":{"line":54,"column":151}},"10":{"start":{"line":54,"column":82},"end":{"line":54,"column":149}},"11":{"start":{"line":55,"column":4},"end":{"line":55,"column":120}},"12":{"start":{"line":56,"column":4},"end":{"line":56,"column":106}},"13":{"start":{"line":58,"column":4},"end":{"line":63,"column":7}},"14":{"start":{"line":68,"column":27},"end":{"line":97,"column":2}},"15":{"start":{"line":70,"column":22},"end":{"line":70,"column":35}},"16":{"start":{"line":71,"column":25},"end":{"line":71,"column":58}},"17":{"start":{"line":73,"column":4},"end":{"line":76,"column":5}},"18":{"start":{"line":74,"column":8},"end":{"line":74,"column":88}},"19":{"start":{"line":75,"column":8},"end":{"line":75,"column":73}},"20":{"start":{"line":78,"column":4},"end":{"line":82,"column":5}},"21":{"start":{"line":79,"column":8},"end":{"line":79,"column":55}},"22":{"start":{"line":80,"column":8},"end":{"line":80,"column":134}},"23":{"start":{"line":81,"column":8},"end":{"line":81,"column":66}},"24":{"start":{"line":85,"column":4},"end":{"line":85,"column":69}},"25":{"start":{"line":87,"column":4},"end":{"line":88,"column":136}},"26":{"start":{"line":88,"column":20},"end":{"line":88,"column":135}},"27":{"start":{"line":90,"column":4},"end":{"line":95,"column":7}},"28":{"start":{"line":100,"column":34},"end":{"line":126,"column":2}},"29":{"start":{"line":101,"column":22},"end":{"line":101,"column":34}},"30":{"start":{"line":102,"column":17},"end":{"line":102,"column":39}},"31":{"start":{"line":104,"column":4},"end":{"line":107,"column":5}},"32":{"start":{"line":105,"column":8},"end":{"line":105,"column":106}},"33":{"start":{"line":106,"column":8},"end":{"line":106,"column":50}},"34":{"start":{"line":109,"column":4},"end":{"line":112,"column":5}},"35":{"start":{"line":110,"column":8},"end":{"line":110,"column":117}},"36":{"start":{"line":111,"column":8},"end":{"line":111,"column":61}},"37":{"start":{"line":114,"column":30},"end":{"line":114,"column":68}},"38":{"start":{"line":115,"column":4},"end":{"line":115,"column":57}},"39":{"start":{"line":117,"column":4},"end":{"line":118,"column":137}},"40":{"start":{"line":118,"column":20},"end":{"line":118,"column":135}},"41":{"start":{"line":120,"column":4},"end":{"line":125,"column":6}},"42":{"start":{"line":129,"column":21},"end":{"line":177,"column":2}},"43":{"start":{"line":131,"column":30},"end":{"line":131,"column":42}},"44":{"start":{"line":132,"column":22},"end":{"line":132,"column":32}},"45":{"start":{"line":133,"column":22},"end":{"line":133,"column":51}},"46":{"start":{"line":134,"column":17},"end":{"line":134,"column":39}},"47":{"start":{"line":135,"column":19},"end":{"line":135,"column":40}},"48":{"start":{"line":137,"column":4},"end":{"line":141,"column":5}},"49":{"start":{"line":138,"column":8},"end":{"line":138,"column":91}},"50":{"start":{"line":139,"column":8},"end":{"line":139,"column":113}},"51":{"start":{"line":140,"column":8},"end":{"line":140,"column":89}},"52":{"start":{"line":143,"column":28},"end":{"line":143,"column":73}},"53":{"start":{"line":144,"column":4},"end":{"line":148,"column":5}},"54":{"start":{"line":145,"column":8},"end":{"line":145,"column":108}},"55":{"start":{"line":146,"column":8},"end":{"line":146,"column":120}},"56":{"start":{"line":147,"column":8},"end":{"line":147,"column":89}},"57":{"start":{"line":150,"column":4},"end":{"line":154,"column":5}},"58":{"start":{"line":151,"column":8},"end":{"line":151,"column":108}},"59":{"start":{"line":152,"column":8},"end":{"line":152,"column":124}},"60":{"start":{"line":153,"column":8},"end":{"line":153,"column":96}},"61":{"start":{"line":157,"column":41},"end":{"line":157,"column":76}},"62":{"start":{"line":159,"column":4},"end":{"line":159,"column":63}},"63":{"start":{"line":160,"column":4},"end":{"line":160,"column":32}},"64":{"start":{"line":161,"column":4},"end":{"line":161,"column":103}},"65":{"start":{"line":162,"column":4},"end":{"line":162,"column":103}},"66":{"start":{"line":164,"column":24},"end":{"line":164,"column":55}},"67":{"start":{"line":166,"column":4},"end":{"line":174,"column":6}},"68":{"start":{"line":179,"column":30},"end":{"line":199,"column":2}},"69":{"start":{"line":180,"column":36},"end":{"line":180,"column":48}},"70":{"start":{"line":181,"column":17},"end":{"line":181,"column":39}},"71":{"start":{"line":182,"column":19},"end":{"line":182,"column":61}},"72":{"start":{"line":183,"column":19},"end":{"line":183,"column":56}},"73":{"start":{"line":185,"column":4},"end":{"line":188,"column":5}},"74":{"start":{"line":186,"column":8},"end":{"line":186,"column":118}},"75":{"start":{"line":187,"column":8},"end":{"line":187,"column":91}},"76":{"start":{"line":190,"column":4},"end":{"line":190,"column":45}},"77":{"start":{"line":192,"column":4},"end":{"line":197,"column":6}},"78":{"start":{"line":201,"column":27},"end":{"line":220,"column":2}},"79":{"start":{"line":203,"column":27},"end":{"line":203,"column":39}},"80":{"start":{"line":204,"column":17},"end":{"line":204,"column":39}},"81":{"start":{"line":205,"column":19},"end":{"line":205,"column":56}},"82":{"start":{"line":207,"column":19},"end":{"line":207,"column":61}},"83":{"start":{"line":208,"column":4},"end":{"line":211,"column":5}},"84":{"start":{"line":209,"column":8},"end":{"line":209,"column":118}},"85":{"start":{"line":210,"column":8},"end":{"line":210,"column":91}},"86":{"start":{"line":213,"column":4},"end":{"line":218,"column":7}},"87":{"start":{"line":222,"column":30},"end":{"line":244,"column":2}},"88":{"start":{"line":223,"column":22},"end":{"line":223,"column":34}},"89":{"start":{"line":224,"column":17},"end":{"line":224,"column":39}},"90":{"start":{"line":226,"column":4},"end":{"line":229,"column":5}},"91":{"start":{"line":227,"column":8},"end":{"line":227,"column":106}},"92":{"start":{"line":228,"column":8},"end":{"line":228,"column":68}},"93":{"start":{"line":231,"column":30},"end":{"line":231,"column":95}},"94":{"start":{"line":231,"column":76},"end":{"line":231,"column":85}},"95":{"start":{"line":232,"column":4},"end":{"line":232,"column":73}},"96":{"start":{"line":233,"column":4},"end":{"line":233,"column":59}},"97":{"start":{"line":235,"column":4},"end":{"line":236,"column":137}},"98":{"start":{"line":236,"column":20},"end":{"line":236,"column":135}},"99":{"start":{"line":238,"column":4},"end":{"line":243,"column":7}},"100":{"start":{"line":246,"column":22},"end":{"line":269,"column":2}},"101":{"start":{"line":248,"column":29},"end":{"line":248,"column":41}},"102":{"start":{"line":249,"column":17},"end":{"line":249,"column":29}},"103":{"start":{"line":251,"column":4},"end":{"line":254,"column":5}},"104":{"start":{"line":252,"column":8},"end":{"line":252,"column":119}},"105":{"start":{"line":253,"column":8},"end":{"line":253,"column":81}},"106":{"start":{"line":256,"column":19},"end":{"line":256,"column":66}},"107":{"start":{"line":258,"column":4},"end":{"line":259,"column":96}},"108":{"start":{"line":259,"column":8},"end":{"line":259,"column":96}},"109":{"start":{"line":261,"column":4},"end":{"line":261,"column":103}},"110":{"start":{"line":263,"column":4},"end":{"line":268,"column":6}},"111":{"start":{"line":271,"column":28},"end":{"line":314,"column":2}},"112":{"start":{"line":273,"column":29},"end":{"line":273,"column":41}},"113":{"start":{"line":275,"column":4},"end":{"line":277,"column":5}},"114":{"start":{"line":276,"column":8},"end":{"line":276,"column":81}},"115":{"start":{"line":279,"column":24},"end":{"line":279,"column":59}},"116":{"start":{"line":281,"column":4},"end":{"line":284,"column":5}},"117":{"start":{"line":282,"column":8},"end":{"line":282,"column":124}},"118":{"start":{"line":283,"column":8},"end":{"line":283,"column":77}},"119":{"start":{"line":286,"column":4},"end":{"line":290,"column":5}},"120":{"start":{"line":287,"column":8},"end":{"line":287,"column":46}},"121":{"start":{"line":288,"column":8},"end":{"line":288,"column":124}},"122":{"start":{"line":289,"column":8},"end":{"line":289,"column":78}},"123":{"start":{"line":293,"column":19},"end":{"line":293,"column":78}},"124":{"start":{"line":295,"column":4},"end":{"line":295,"column":69}},"125":{"start":{"line":297,"column":4},"end":{"line":297,"column":83}},"126":{"start":{"line":299,"column":4},"end":{"line":302,"column":7}},"127":{"start":{"line":304,"column":4},"end":{"line":311,"column":6}}},"fnMap":{"0":{"name":"(anonymous_0)","decl":{"start":{"line":35,"column":35},"end":{"line":35,"column":36}},"loc":{"start":{"line":35,"column":64},"end":{"line":65,"column":1}},"line":35},"1":{"name":"(anonymous_1)","decl":{"start":{"line":54,"column":73},"end":{"line":54,"column":74}},"loc":{"start":{"line":54,"column":82},"end":{"line":54,"column":149}},"line":54},"2":{"name":"(anonymous_2)","decl":{"start":{"line":68,"column":38},"end":{"line":68,"column":39}},"loc":{"start":{"line":68,"column":67},"end":{"line":97,"column":1}},"line":68},"3":{"name":"(anonymous_3)","decl":{"start":{"line":88,"column":11},"end":{"line":88,"column":12}},"loc":{"start":{"line":88,"column":20},"end":{"line":88,"column":135}},"line":88},"4":{"name":"(anonymous_4)","decl":{"start":{"line":100,"column":45},"end":{"line":100,"column":46}},"loc":{"start":{"line":100,"column":74},"end":{"line":126,"column":1}},"line":100},"5":{"name":"(anonymous_5)","decl":{"start":{"line":118,"column":11},"end":{"line":118,"column":12}},"loc":{"start":{"line":118,"column":20},"end":{"line":118,"column":135}},"line":118},"6":{"name":"(anonymous_6)","decl":{"start":{"line":129,"column":32},"end":{"line":129,"column":33}},"loc":{"start":{"line":129,"column":61},"end":{"line":177,"column":1}},"line":129},"7":{"name":"(anonymous_7)","decl":{"start":{"line":179,"column":41},"end":{"line":179,"column":42}},"loc":{"start":{"line":179,"column":70},"end":{"line":199,"column":1}},"line":179},"8":{"name":"(anonymous_8)","decl":{"start":{"line":201,"column":38},"end":{"line":201,"column":39}},"loc":{"start":{"line":201,"column":67},"end":{"line":220,"column":1}},"line":201},"9":{"name":"(anonymous_9)","decl":{"start":{"line":222,"column":41},"end":{"line":222,"column":42}},"loc":{"start":{"line":222,"column":70},"end":{"line":244,"column":1}},"line":222},"10":{"name":"(anonymous_10)","decl":{"start":{"line":231,"column":68},"end":{"line":231,"column":69}},"loc":{"start":{"line":231,"column":76},"end":{"line":231,"column":85}},"line":231},"11":{"name":"(anonymous_11)","decl":{"start":{"line":236,"column":11},"end":{"line":236,"column":12}},"loc":{"start":{"line":236,"column":20},"end":{"line":236,"column":135}},"line":236},"12":{"name":"(anonymous_12)","decl":{"start":{"line":246,"column":33},"end":{"line":246,"column":34}},"loc":{"start":{"line":246,"column":62},"end":{"line":269,"column":1}},"line":246},"13":{"name":"(anonymous_13)","decl":{"start":{"line":271,"column":39},"end":{"line":271,"column":40}},"loc":{"start":{"line":271,"column":68},"end":{"line":314,"column":1}},"line":271}},"branchMap":{"0":{"loc":{"start":{"line":38,"column":21},"end":{"line":38,"column":94}},"type":"binary-expr","locations":[{"start":{"line":38,"column":21},"end":{"line":38,"column":70}},{"start":{"line":38,"column":74},"end":{"line":38,"column":94}}],"line":38},"1":{"loc":{"start":{"line":73,"column":4},"end":{"line":76,"column":5}},"type":"if","locations":[{"start":{"line":73,"column":4},"end":{"line":76,"column":5}},{"start":{},"end":{}}],"line":73},"2":{"loc":{"start":{"line":78,"column":4},"end":{"line":82,"column":5}},"type":"if","locations":[{"start":{"line":78,"column":4},"end":{"line":82,"column":5}},{"start":{},"end":{}}],"line":78},"3":{"loc":{"start":{"line":104,"column":4},"end":{"line":107,"column":5}},"type":"if","locations":[{"start":{"line":104,"column":4},"end":{"line":107,"column":5}},{"start":{},"end":{}}],"line":104},"4":{"loc":{"start":{"line":109,"column":4},"end":{"line":112,"column":5}},"type":"if","locations":[{"start":{"line":109,"column":4},"end":{"line":112,"column":5}},{"start":{},"end":{}}],"line":109},"5":{"loc":{"start":{"line":109,"column":7},"end":{"line":109,"column":44}},"type":"binary-expr","locations":[{"start":{"line":109,"column":7},"end":{"line":109,"column":27}},{"start":{"line":109,"column":31},"end":{"line":109,"column":44}}],"line":109},"6":{"loc":{"start":{"line":137,"column":4},"end":{"line":141,"column":5}},"type":"if","locations":[{"start":{"line":137,"column":4},"end":{"line":141,"column":5}},{"start":{},"end":{}}],"line":137},"7":{"loc":{"start":{"line":144,"column":4},"end":{"line":148,"column":5}},"type":"if","locations":[{"start":{"line":144,"column":4},"end":{"line":148,"column":5}},{"start":{},"end":{}}],"line":144},"8":{"loc":{"start":{"line":150,"column":4},"end":{"line":154,"column":5}},"type":"if","locations":[{"start":{"line":150,"column":4},"end":{"line":154,"column":5}},{"start":{},"end":{}}],"line":150},"9":{"loc":{"start":{"line":183,"column":19},"end":{"line":183,"column":56}},"type":"binary-expr","locations":[{"start":{"line":183,"column":19},"end":{"line":183,"column":32}},{"start":{"line":183,"column":36},"end":{"line":183,"column":56}}],"line":183},"10":{"loc":{"start":{"line":185,"column":4},"end":{"line":188,"column":5}},"type":"if","locations":[{"start":{"line":185,"column":4},"end":{"line":188,"column":5}},{"start":{},"end":{}}],"line":185},"11":{"loc":{"start":{"line":205,"column":19},"end":{"line":205,"column":56}},"type":"binary-expr","locations":[{"start":{"line":205,"column":19},"end":{"line":205,"column":32}},{"start":{"line":205,"column":36},"end":{"line":205,"column":56}}],"line":205},"12":{"loc":{"start":{"line":208,"column":4},"end":{"line":211,"column":5}},"type":"if","locations":[{"start":{"line":208,"column":4},"end":{"line":211,"column":5}},{"start":{},"end":{}}],"line":208},"13":{"loc":{"start":{"line":226,"column":4},"end":{"line":229,"column":5}},"type":"if","locations":[{"start":{"line":226,"column":4},"end":{"line":229,"column":5}},{"start":{},"end":{}}],"line":226},"14":{"loc":{"start":{"line":251,"column":4},"end":{"line":254,"column":5}},"type":"if","locations":[{"start":{"line":251,"column":4},"end":{"line":254,"column":5}},{"start":{},"end":{}}],"line":251},"15":{"loc":{"start":{"line":258,"column":4},"end":{"line":259,"column":96}},"type":"if","locations":[{"start":{"line":258,"column":4},"end":{"line":259,"column":96}},{"start":{},"end":{}}],"line":258},"16":{"loc":{"start":{"line":275,"column":4},"end":{"line":277,"column":5}},"type":"if","locations":[{"start":{"line":275,"column":4},"end":{"line":277,"column":5}},{"start":{},"end":{}}],"line":275},"17":{"loc":{"start":{"line":281,"column":4},"end":{"line":284,"column":5}},"type":"if","locations":[{"start":{"line":281,"column":4},"end":{"line":284,"column":5}},{"start":{},"end":{}}],"line":281},"18":{"loc":{"start":{"line":281,"column":7},"end":{"line":281,"column":44}},"type":"binary-expr","locations":[{"start":{"line":281,"column":7},"end":{"line":281,"column":19}},{"start":{"line":281,"column":23},"end":{"line":281,"column":44}}],"line":281},"19":{"loc":{"start":{"line":286,"column":4},"end":{"line":290,"column":5}},"type":"if","locations":[{"start":{"line":286,"column":4},"end":{"line":290,"column":5}},{"start":{},"end":{}}],"line":286}},"s":{"0":0,"1":0,"2":0,"3":0,"4":0,"5":0,"6":0,"7":0,"8":0,"9":0,"10":0,"11":0,"12":0,"13":0,"14":0,"15":0,"16":0,"17":0,"18":0,"19":0,"20":0,"21":0,"22":0,"23":0,"24":0,"25":0,"26":0,"27":0,"28":0,"29":0,"30":0,"31":0,"32":0,"33":0,"34":0,"35":0,"36":0,"37":0,"38":0,"39":0,"40":0,"41":0,"42":0,"43":0,"44":0,"45":0,"46":0,"47":0,"48":0,"49":0,"50":0,"51":0,"52":0,"53":0,"54":0,"55":0,"56":0,"57":0,"58":0,"59":0,"60":0,"61":0,"62":0,"63":0,"64":0,"65":0,"66":0,"67":0,"68":0,"69":0,"70":0,"71":0,"72":0,"73":0,"74":0,"75":0,"76":0,"77":0,"78":0,"79":0,"80":0,"81":0,"82":0,"83":0,"84":0,"85":0,"86":0,"87":0,"88":0,"89":0,"90":0,"91":0,"92":0,"93":0,"94":0,"95":0,"96":0,"97":0,"98":0,"99":0,"100":0,"101":0,"102":0,"103":0,"104":0,"105":0,"106":0,"107":0,"108":0,"109":0,"110":0,"111":0,"112":0,"113":0,"114":0,"115":0,"116":0,"117":0,"118":0,"119":0,"120":0,"121":0,"122":0,"123":0,"124":0,"125":0,"126":0,"127":0},"f":{"0":0,"1":0,"2":0,"3":0,"4":0,"5":0,"6":0,"7":0,"8":0,"9":0,"10":0,"11":0,"12":0,"13":0},"b":{"0":[0,0],"1":[0,0],"2":[0,0],"3":[0,0],"4":[0,0],"5":[0,0],"6":[0,0],"7":[0,0],"8":[0,0],"9":[0,0],"10":[0,0],"11":[0,0],"12":[0,0],"13":[0,0],"14":[0,0],"15":[0,0],"16":[0,0],"17":[0,0],"18":[0,0],"19":[0,0]}}
,"/home/coder/projects/expensetracker/backend/src/controllers/budget.controller.js": {"path":"/home/coder/projects/expensetracker/backend/src/controllers/budget.controller.js","statementMap":{"0":{"start":{"line":10,"column":26},"end":{"line":24,"column":2}},"1":{"start":{"line":11,"column":19},"end":{"line":11,"column":35}},"2":{"start":{"line":12,"column":20},"end":{"line":12,"column":47}},"3":{"start":{"line":15,"column":24},"end":{"line":15,"column":34}},"4":{"start":{"line":16,"column":31},"end":{"line":16,"column":88}},"5":{"start":{"line":18,"column":4},"end":{"line":23,"column":6}},"6":{"start":{"line":27,"column":25},"end":{"line":41,"column":2}},"7":{"start":{"line":28,"column":19},"end":{"line":28,"column":35}},"8":{"start":{"line":29,"column":21},"end":{"line":29,"column":39}},"9":{"start":{"line":30,"column":19},"end":{"line":30,"column":57}},"10":{"start":{"line":31,"column":4},"end":{"line":34,"column":5}},"11":{"start":{"line":32,"column":8},"end":{"line":32,"column":114}},"12":{"start":{"line":33,"column":8},"end":{"line":33,"column":69}},"13":{"start":{"line":35,"column":4},"end":{"line":40,"column":6}},"14":{"start":{"line":44,"column":28},"end":{"line":76,"column":2}},"15":{"start":{"line":45,"column":96},"end":{"line":45,"column":108}},"16":{"start":{"line":46,"column":19},"end":{"line":46,"column":35}},"17":{"start":{"line":48,"column":21},"end":{"line":48,"column":66}},"18":{"start":{"line":49,"column":4},"end":{"line":55,"column":5}},"19":{"start":{"line":50,"column":8},"end":{"line":53,"column":10}},"20":{"start":{"line":54,"column":8},"end":{"line":54,"column":105}},"21":{"start":{"line":57,"column":23},"end":{"line":65,"column":5}},"22":{"start":{"line":67,"column":19},"end":{"line":67,"column":46}},"23":{"start":{"line":69,"column":4},"end":{"line":74,"column":6}},"24":{"start":{"line":79,"column":28},"end":{"line":108,"column":2}},"25":{"start":{"line":80,"column":76},"end":{"line":80,"column":88}},"26":{"start":{"line":81,"column":19},"end":{"line":81,"column":35}},"27":{"start":{"line":82,"column":21},"end":{"line":82,"column":39}},"28":{"start":{"line":84,"column":19},"end":{"line":84,"column":55}},"29":{"start":{"line":86,"column":4},"end":{"line":89,"column":5}},"30":{"start":{"line":87,"column":8},"end":{"line":87,"column":104}},"31":{"start":{"line":88,"column":8},"end":{"line":88,"column":70}},"32":{"start":{"line":91,"column":23},"end":{"line":98,"column":5}},"33":{"start":{"line":100,"column":26},"end":{"line":100,"column":80}},"34":{"start":{"line":102,"column":4},"end":{"line":107,"column":7}},"35":{"start":{"line":111,"column":28},"end":{"line":130,"column":2}},"36":{"start":{"line":112,"column":19},"end":{"line":112,"column":35}},"37":{"start":{"line":113,"column":21},"end":{"line":113,"column":39}},"38":{"start":{"line":115,"column":19},"end":{"line":115,"column":55}},"39":{"start":{"line":117,"column":4},"end":{"line":120,"column":5}},"40":{"start":{"line":118,"column":8},"end":{"line":118,"column":104}},"41":{"start":{"line":119,"column":8},"end":{"line":119,"column":70}},"42":{"start":{"line":122,"column":4},"end":{"line":122,"column":47}},"43":{"start":{"line":124,"column":4},"end":{"line":129,"column":6}}},"fnMap":{"0":{"name":"(anonymous_0)","decl":{"start":{"line":10,"column":37},"end":{"line":10,"column":38}},"loc":{"start":{"line":10,"column":66},"end":{"line":24,"column":1}},"line":10},"1":{"name":"(anonymous_1)","decl":{"start":{"line":27,"column":36},"end":{"line":27,"column":37}},"loc":{"start":{"line":27,"column":65},"end":{"line":41,"column":1}},"line":27},"2":{"name":"(anonymous_2)","decl":{"start":{"line":44,"column":39},"end":{"line":44,"column":40}},"loc":{"start":{"line":44,"column":68},"end":{"line":76,"column":1}},"line":44},"3":{"name":"(anonymous_3)","decl":{"start":{"line":79,"column":39},"end":{"line":79,"column":40}},"loc":{"start":{"line":79,"column":68},"end":{"line":108,"column":1}},"line":79},"4":{"name":"(anonymous_4)","decl":{"start":{"line":111,"column":39},"end":{"line":111,"column":40}},"loc":{"start":{"line":111,"column":68},"end":{"line":130,"column":1}},"line":111}},"branchMap":{"0":{"loc":{"start":{"line":31,"column":4},"end":{"line":34,"column":5}},"type":"if","locations":[{"start":{"line":31,"column":4},"end":{"line":34,"column":5}},{"start":{},"end":{}}],"line":31},"1":{"loc":{"start":{"line":45,"column":32},"end":{"line":45,"column":50}},"type":"default-arg","locations":[{"start":{"line":45,"column":41},"end":{"line":45,"column":50}}],"line":45},"2":{"loc":{"start":{"line":45,"column":72},"end":{"line":45,"column":91}},"type":"default-arg","locations":[{"start":{"line":45,"column":89},"end":{"line":45,"column":91}}],"line":45},"3":{"loc":{"start":{"line":49,"column":4},"end":{"line":55,"column":5}},"type":"if","locations":[{"start":{"line":49,"column":4},"end":{"line":55,"column":5}},{"start":{},"end":{}}],"line":49},"4":{"loc":{"start":{"line":60,"column":19},"end":{"line":60,"column":62}},"type":"cond-expr","locations":[{"start":{"line":60,"column":31},"end":{"line":60,"column":50}},{"start":{"line":60,"column":53},"end":{"line":60,"column":62}}],"line":60},"5":{"loc":{"start":{"line":61,"column":17},"end":{"line":61,"column":56}},"type":"cond-expr","locations":[{"start":{"line":61,"column":27},"end":{"line":61,"column":44}},{"start":{"line":61,"column":47},"end":{"line":61,"column":56}}],"line":61},"6":{"loc":{"start":{"line":86,"column":4},"end":{"line":89,"column":5}},"type":"if","locations":[{"start":{"line":86,"column":4},"end":{"line":89,"column":5}},{"start":{},"end":{}}],"line":86},"7":{"loc":{"start":{"line":92,"column":12},"end":{"line":92,"column":46}},"type":"binary-expr","locations":[{"start":{"line":92,"column":12},"end":{"line":92,"column":32}},{"start":{"line":92,"column":36},"end":{"line":92,"column":46}}],"line":92},"8":{"loc":{"start":{"line":93,"column":12},"end":{"line":93,"column":46}},"type":"binary-expr","locations":[{"start":{"line":93,"column":12},"end":{"line":93,"column":32}},{"start":{"line":93,"column":36},"end":{"line":93,"column":46}}],"line":93},"9":{"loc":{"start":{"line":94,"column":12},"end":{"line":94,"column":72}},"type":"binary-expr","locations":[{"start":{"line":94,"column":12},"end":{"line":94,"column":35}},{"start":{"line":94,"column":39},"end":{"line":94,"column":72}}],"line":94},"10":{"loc":{"start":{"line":95,"column":12},"end":{"line":95,"column":66}},"type":"binary-expr","locations":[{"start":{"line":95,"column":12},"end":{"line":95,"column":33}},{"start":{"line":95,"column":37},"end":{"line":95,"column":66}}],"line":95},"11":{"loc":{"start":{"line":96,"column":12},"end":{"line":96,"column":61}},"type":"binary-expr","locations":[{"start":{"line":96,"column":12},"end":{"line":96,"column":40}},{"start":{"line":96,"column":44},"end":{"line":96,"column":61}}],"line":96},"12":{"loc":{"start":{"line":97,"column":12},"end":{"line":97,"column":48}},"type":"binary-expr","locations":[{"start":{"line":97,"column":12},"end":{"line":97,"column":34}},{"start":{"line":97,"column":38},"end":{"line":97,"column":48}}],"line":97},"13":{"loc":{"start":{"line":117,"column":4},"end":{"line":120,"column":5}},"type":"if","locations":[{"start":{"line":117,"column":4},"end":{"line":120,"column":5}},{"start":{},"end":{}}],"line":117}},"s":{"0":0,"1":0,"2":0,"3":0,"4":0,"5":0,"6":0,"7":0,"8":0,"9":0,"10":0,"11":0,"12":0,"13":0,"14":0,"15":0,"16":0,"17":0,"18":0,"19":0,"20":0,"21":0,"22":0,"23":0,"24":0,"25":0,"26":0,"27":0,"28":0,"29":0,"30":0,"31":0,"32":0,"33":0,"34":0,"35":0,"36":0,"37":0,"38":0,"39":0,"40":0,"41":0,"42":0,"43":0},"f":{"0":0,"1":0,"2":0,"3":0,"4":0},"b":{"0":[0,0],"1":[0],"2":[0],"3":[0,0],"4":[0,0],"5":[0,0],"6":[0,0],"7":[0,0],"8":[0,0],"9":[0,0],"10":[0,0],"11":[0,0],"12":[0,0],"13":[0,0]}}
,"/home/coder/projects/expensetracker/backend/src/controllers/category.controller.js": {"path":"/home/coder/projects/expensetracker/backend/src/controllers/category.controller.js","statementMap":{"0":{"start":{"line":21,"column":29},"end":{"line":30,"column":2}},"1":{"start":{"line":22,"column":19},"end":{"line":22,"column":35}},"2":{"start":{"line":24,"column":23},"end":{"line":24,"column":52}},"3":{"start":{"line":25,"column":4},"end":{"line":29,"column":6}},"4":{"start":{"line":33,"column":27},"end":{"line":49,"column":2}},"5":{"start":{"line":34,"column":23},"end":{"line":34,"column":41}},"6":{"start":{"line":35,"column":19},"end":{"line":35,"column":35}},"7":{"start":{"line":37,"column":21},"end":{"line":37,"column":58}},"8":{"start":{"line":39,"column":4},"end":{"line":42,"column":5}},"9":{"start":{"line":40,"column":8},"end":{"line":40,"column":118}},"10":{"start":{"line":41,"column":8},"end":{"line":41,"column":72}},"11":{"start":{"line":44,"column":4},"end":{"line":48,"column":6}},"12":{"start":{"line":52,"column":30},"end":{"line":77,"column":2}},"13":{"start":{"line":53,"column":4},"end":{"line":53,"column":49}},"14":{"start":{"line":54,"column":25},"end":{"line":54,"column":37}},"15":{"start":{"line":55,"column":19},"end":{"line":55,"column":35}},"16":{"start":{"line":57,"column":21},"end":{"line":57,"column":60}},"17":{"start":{"line":59,"column":4},"end":{"line":62,"column":5}},"18":{"start":{"line":60,"column":8},"end":{"line":60,"column":126}},"19":{"start":{"line":61,"column":8},"end":{"line":61,"column":74}},"20":{"start":{"line":64,"column":25},"end":{"line":68,"column":5}},"21":{"start":{"line":70,"column":21},"end":{"line":70,"column":61}},"22":{"start":{"line":72,"column":4},"end":{"line":76,"column":6}},"23":{"start":{"line":80,"column":30},"end":{"line":114,"column":2}},"24":{"start":{"line":81,"column":26},"end":{"line":81,"column":38}},"25":{"start":{"line":82,"column":24},"end":{"line":82,"column":42}},"26":{"start":{"line":83,"column":19},"end":{"line":83,"column":35}},"27":{"start":{"line":85,"column":29},"end":{"line":85,"column":72}},"28":{"start":{"line":87,"column":4},"end":{"line":90,"column":5}},"29":{"start":{"line":88,"column":8},"end":{"line":88,"column":140}},"30":{"start":{"line":89,"column":8},"end":{"line":89,"column":93}},"31":{"start":{"line":93,"column":4},"end":{"line":99,"column":5}},"32":{"start":{"line":94,"column":25},"end":{"line":94,"column":70}},"33":{"start":{"line":95,"column":8},"end":{"line":98,"column":9}},"34":{"start":{"line":96,"column":12},"end":{"line":96,"column":131}},"35":{"start":{"line":97,"column":12},"end":{"line":97,"column":79}},"36":{"start":{"line":101,"column":25},"end":{"line":104,"column":5}},"37":{"start":{"line":106,"column":20},"end":{"line":106,"column":72}},"38":{"start":{"line":109,"column":4},"end":{"line":113,"column":7}},"39":{"start":{"line":117,"column":30},"end":{"line":147,"column":2}},"40":{"start":{"line":118,"column":23},"end":{"line":118,"column":41}},"41":{"start":{"line":119,"column":19},"end":{"line":119,"column":35}},"42":{"start":{"line":121,"column":21},"end":{"line":121,"column":64}},"43":{"start":{"line":123,"column":4},"end":{"line":126,"column":5}},"44":{"start":{"line":124,"column":8},"end":{"line":124,"column":141}},"45":{"start":{"line":125,"column":8},"end":{"line":125,"column":94}},"46":{"start":{"line":128,"column":29},"end":{"line":128,"column":66}},"47":{"start":{"line":129,"column":24},"end":{"line":129,"column":53}},"48":{"start":{"line":131,"column":4},"end":{"line":138,"column":5}},"49":{"start":{"line":132,"column":8},"end":{"line":135,"column":9}},"50":{"start":{"line":137,"column":8},"end":{"line":137,"column":134}},"51":{"start":{"line":140,"column":4},"end":{"line":140,"column":43}},"52":{"start":{"line":142,"column":4},"end":{"line":146,"column":7}}},"fnMap":{"0":{"name":"(anonymous_0)","decl":{"start":{"line":21,"column":40},"end":{"line":21,"column":41}},"loc":{"start":{"line":21,"column":69},"end":{"line":30,"column":1}},"line":21},"1":{"name":"(anonymous_1)","decl":{"start":{"line":33,"column":38},"end":{"line":33,"column":39}},"loc":{"start":{"line":33,"column":67},"end":{"line":49,"column":1}},"line":33},"2":{"name":"(anonymous_2)","decl":{"start":{"line":52,"column":41},"end":{"line":52,"column":42}},"loc":{"start":{"line":52,"column":70},"end":{"line":77,"column":1}},"line":52},"3":{"name":"(anonymous_3)","decl":{"start":{"line":80,"column":41},"end":{"line":80,"column":42}},"loc":{"start":{"line":80,"column":70},"end":{"line":114,"column":1}},"line":80},"4":{"name":"(anonymous_4)","decl":{"start":{"line":117,"column":41},"end":{"line":117,"column":42}},"loc":{"start":{"line":117,"column":70},"end":{"line":147,"column":1}},"line":117}},"branchMap":{"0":{"loc":{"start":{"line":39,"column":4},"end":{"line":42,"column":5}},"type":"if","locations":[{"start":{"line":39,"column":4},"end":{"line":42,"column":5}},{"start":{},"end":{}}],"line":39},"1":{"loc":{"start":{"line":59,"column":4},"end":{"line":62,"column":5}},"type":"if","locations":[{"start":{"line":59,"column":4},"end":{"line":62,"column":5}},{"start":{},"end":{}}],"line":59},"2":{"loc":{"start":{"line":66,"column":14},"end":{"line":66,"column":26}},"type":"binary-expr","locations":[{"start":{"line":66,"column":14},"end":{"line":66,"column":18}},{"start":{"line":66,"column":22},"end":{"line":66,"column":26}}],"line":66},"3":{"loc":{"start":{"line":87,"column":4},"end":{"line":90,"column":5}},"type":"if","locations":[{"start":{"line":87,"column":4},"end":{"line":90,"column":5}},{"start":{},"end":{}}],"line":87},"4":{"loc":{"start":{"line":93,"column":4},"end":{"line":99,"column":5}},"type":"if","locations":[{"start":{"line":93,"column":4},"end":{"line":99,"column":5}},{"start":{},"end":{}}],"line":93},"5":{"loc":{"start":{"line":93,"column":7},"end":{"line":93,"column":45}},"type":"binary-expr","locations":[{"start":{"line":93,"column":7},"end":{"line":93,"column":11}},{"start":{"line":93,"column":15},"end":{"line":93,"column":45}}],"line":93},"6":{"loc":{"start":{"line":95,"column":8},"end":{"line":98,"column":9}},"type":"if","locations":[{"start":{"line":95,"column":8},"end":{"line":98,"column":9}},{"start":{},"end":{}}],"line":95},"7":{"loc":{"start":{"line":102,"column":12},"end":{"line":102,"column":42}},"type":"binary-expr","locations":[{"start":{"line":102,"column":12},"end":{"line":102,"column":30}},{"start":{"line":102,"column":34},"end":{"line":102,"column":42}}],"line":102},"8":{"loc":{"start":{"line":103,"column":12},"end":{"line":103,"column":42}},"type":"binary-expr","locations":[{"start":{"line":103,"column":12},"end":{"line":103,"column":30}},{"start":{"line":103,"column":34},"end":{"line":103,"column":42}}],"line":103},"9":{"loc":{"start":{"line":123,"column":4},"end":{"line":126,"column":5}},"type":"if","locations":[{"start":{"line":123,"column":4},"end":{"line":126,"column":5}},{"start":{},"end":{}}],"line":123},"10":{"loc":{"start":{"line":131,"column":4},"end":{"line":138,"column":5}},"type":"if","locations":[{"start":{"line":131,"column":4},"end":{"line":138,"column":5}},{"start":{},"end":{}}],"line":131},"11":{"loc":{"start":{"line":131,"column":7},"end":{"line":131,"column":46}},"type":"binary-expr","locations":[{"start":{"line":131,"column":7},"end":{"line":131,"column":22}},{"start":{"line":131,"column":26},"end":{"line":131,"column":46}}],"line":131}},"s":{"0":0,"1":0,"2":0,"3":0,"4":0,"5":0,"6":0,"7":0,"8":0,"9":0,"10":0,"11":0,"12":0,"13":0,"14":0,"15":0,"16":0,"17":0,"18":0,"19":0,"20":0,"21":0,"22":0,"23":0,"24":0,"25":0,"26":0,"27":0,"28":0,"29":0,"30":0,"31":0,"32":0,"33":0,"34":0,"35":0,"36":0,"37":0,"38":0,"39":0,"40":0,"41":0,"42":0,"43":0,"44":0,"45":0,"46":0,"47":0,"48":0,"49":0,"50":0,"51":0,"52":0},"f":{"0":0,"1":0,"2":0,"3":0,"4":0},"b":{"0":[0,0],"1":[0,0],"2":[0,0],"3":[0,0],"4":[0,0],"5":[0,0],"6":[0,0],"7":[0,0],"8":[0,0],"9":[0,0],"10":[0,0],"11":[0,0]}}
,"/home/coder/projects/expensetracker/backend/src/controllers/transaction.controller.js": {"path":"/home/coder/projects/expensetracker/backend/src/controllers/transaction.controller.js","statementMap":{"0":{"start":{"line":13,"column":31},"end":{"line":24,"column":2}},"1":{"start":{"line":14,"column":19},"end":{"line":14,"column":35}},"2":{"start":{"line":15,"column":25},"end":{"line":15,"column":60}},"3":{"start":{"line":16,"column":4},"end":{"line":23,"column":7}},"4":{"start":{"line":26,"column":30},"end":{"line":39,"column":2}},"5":{"start":{"line":27,"column":19},"end":{"line":27,"column":33}},"6":{"start":{"line":29,"column":24},"end":{"line":29,"column":52}},"7":{"start":{"line":30,"column":4},"end":{"line":37,"column":7}},"8":{"start":{"line":41,"column":33},"end":{"line":67,"column":2}},"9":{"start":{"line":43,"column":78},"end":{"line":43,"column":90}},"10":{"start":{"line":45,"column":28},"end":{"line":54,"column":5}},"11":{"start":{"line":56,"column":19},"end":{"line":56,"column":65}},"12":{"start":{"line":58,"column":4},"end":{"line":65,"column":6}},"13":{"start":{"line":70,"column":33},"end":{"line":80,"column":2}},"14":{"start":{"line":71,"column":17},"end":{"line":71,"column":31}},"15":{"start":{"line":72,"column":19},"end":{"line":72,"column":35}},"16":{"start":{"line":73,"column":4},"end":{"line":73,"column":44}},"17":{"start":{"line":74,"column":4},"end":{"line":79,"column":7}},"18":{"start":{"line":83,"column":33},"end":{"line":111,"column":2}},"19":{"start":{"line":84,"column":19},"end":{"line":84,"column":33}},"20":{"start":{"line":85,"column":19},"end":{"line":85,"column":35}},"21":{"start":{"line":86,"column":80},"end":{"line":86,"column":92}},"22":{"start":{"line":88,"column":28},"end":{"line":96,"column":5}},"23":{"start":{"line":98,"column":31},"end":{"line":98,"column":89}},"24":{"start":{"line":99,"column":4},"end":{"line":109,"column":6}},"25":{"start":{"line":102,"column":4},"end":{"line":109,"column":6}}},"fnMap":{"0":{"name":"(anonymous_0)","decl":{"start":{"line":13,"column":42},"end":{"line":13,"column":43}},"loc":{"start":{"line":13,"column":71},"end":{"line":24,"column":1}},"line":13},"1":{"name":"(anonymous_1)","decl":{"start":{"line":26,"column":41},"end":{"line":26,"column":42}},"loc":{"start":{"line":26,"column":70},"end":{"line":39,"column":1}},"line":26},"2":{"name":"(anonymous_2)","decl":{"start":{"line":41,"column":44},"end":{"line":41,"column":45}},"loc":{"start":{"line":41,"column":73},"end":{"line":67,"column":1}},"line":41},"3":{"name":"(anonymous_3)","decl":{"start":{"line":70,"column":44},"end":{"line":70,"column":45}},"loc":{"start":{"line":70,"column":73},"end":{"line":80,"column":1}},"line":70},"4":{"name":"(anonymous_4)","decl":{"start":{"line":83,"column":44},"end":{"line":83,"column":45}},"loc":{"start":{"line":83,"column":73},"end":{"line":111,"column":1}},"line":83}},"branchMap":{"0":{"loc":{"start":{"line":51,"column":20},"end":{"line":51,"column":50}},"type":"cond-expr","locations":[{"start":{"line":51,"column":33},"end":{"line":51,"column":43}},{"start":{"line":51,"column":46},"end":{"line":51,"column":50}}],"line":51},"1":{"loc":{"start":{"line":52,"column":18},"end":{"line":52,"column":44}},"type":"cond-expr","locations":[{"start":{"line":52,"column":29},"end":{"line":52,"column":37}},{"start":{"line":52,"column":40},"end":{"line":52,"column":44}}],"line":52},"2":{"loc":{"start":{"line":89,"column":12},"end":{"line":89,"column":46}},"type":"binary-expr","locations":[{"start":{"line":89,"column":12},"end":{"line":89,"column":32}},{"start":{"line":89,"column":36},"end":{"line":89,"column":46}}],"line":89},"3":{"loc":{"start":{"line":90,"column":12},"end":{"line":90,"column":51}},"type":"binary-expr","locations":[{"start":{"line":90,"column":12},"end":{"line":90,"column":30}},{"start":{"line":90,"column":34},"end":{"line":90,"column":51}}],"line":90},"4":{"loc":{"start":{"line":91,"column":12},"end":{"line":91,"column":48}},"type":"binary-expr","locations":[{"start":{"line":91,"column":12},"end":{"line":91,"column":34}},{"start":{"line":91,"column":38},"end":{"line":91,"column":48}}],"line":91},"5":{"loc":{"start":{"line":92,"column":12},"end":{"line":92,"column":54}},"type":"binary-expr","locations":[{"start":{"line":92,"column":12},"end":{"line":92,"column":37}},{"start":{"line":92,"column":41},"end":{"line":92,"column":54}}],"line":92},"6":{"loc":{"start":{"line":93,"column":12},"end":{"line":93,"column":52}},"type":"binary-expr","locations":[{"start":{"line":93,"column":12},"end":{"line":93,"column":36}},{"start":{"line":93,"column":40},"end":{"line":93,"column":52}}],"line":93},"7":{"loc":{"start":{"line":94,"column":12},"end":{"line":94,"column":48}},"type":"binary-expr","locations":[{"start":{"line":94,"column":12},"end":{"line":94,"column":34}},{"start":{"line":94,"column":38},"end":{"line":94,"column":48}}],"line":94},"8":{"loc":{"start":{"line":95,"column":12},"end":{"line":95,"column":68}},"type":"binary-expr","locations":[{"start":{"line":95,"column":12},"end":{"line":95,"column":30}},{"start":{"line":95,"column":34},"end":{"line":95,"column":68}}],"line":95},"9":{"loc":{"start":{"line":99,"column":4},"end":{"line":109,"column":6}},"type":"if","locations":[{"start":{"line":99,"column":4},"end":{"line":109,"column":6}},{"start":{},"end":{}}],"line":99}},"s":{"0":0,"1":0,"2":0,"3":0,"4":0,"5":0,"6":0,"7":0,"8":0,"9":0,"10":0,"11":0,"12":0,"13":0,"14":0,"15":0,"16":0,"17":0,"18":0,"19":0,"20":0,"21":0,"22":0,"23":0,"24":0,"25":0},"f":{"0":0,"1":0,"2":0,"3":0,"4":0},"b":{"0":[0,0],"1":[0,0],"2":[0,0],"3":[0,0],"4":[0,0],"5":[0,0],"6":[0,0],"7":[0,0],"8":[0,0],"9":[0,0]}}
,"/home/coder/projects/expensetracker/backend/src/controllers/user.controller.js": {"path":"/home/coder/projects/expensetracker/backend/src/controllers/user.controller.js","statementMap":{"0":{"start":{"line":6,"column":26},"end":{"line":24,"column":2}},"1":{"start":{"line":8,"column":17},"end":{"line":8,"column":29}},"2":{"start":{"line":9,"column":20},"end":{"line":9,"column":65}},"3":{"start":{"line":11,"column":4},"end":{"line":14,"column":5}},"4":{"start":{"line":12,"column":8},"end":{"line":12,"column":114}},"5":{"start":{"line":13,"column":8},"end":{"line":13,"column":67}},"6":{"start":{"line":16,"column":4},"end":{"line":23,"column":6}},"7":{"start":{"line":27,"column":28},"end":{"line":47,"column":2}},"8":{"start":{"line":28,"column":16},"end":{"line":28,"column":26}},"9":{"start":{"line":29,"column":25},"end":{"line":29,"column":71}},"10":{"start":{"line":30,"column":19},"end":{"line":30,"column":35}},"11":{"start":{"line":32,"column":61},"end":{"line":32,"column":103}},"12":{"start":{"line":34,"column":4},"end":{"line":34,"column":64}},"13":{"start":{"line":36,"column":4},"end":{"line":46,"column":6}},"14":{"start":{"line":50,"column":29},"end":{"line":86,"column":2}}},"fnMap":{"0":{"name":"(anonymous_0)","decl":{"start":{"line":6,"column":37},"end":{"line":6,"column":38}},"loc":{"start":{"line":6,"column":66},"end":{"line":24,"column":1}},"line":6},"1":{"name":"(anonymous_1)","decl":{"start":{"line":27,"column":39},"end":{"line":27,"column":40}},"loc":{"start":{"line":27,"column":68},"end":{"line":47,"column":1}},"line":27},"2":{"name":"(anonymous_2)","decl":{"start":{"line":50,"column":40},"end":{"line":50,"column":41}},"loc":{"start":{"line":50,"column":69},"end":{"line":86,"column":1}},"line":50}},"branchMap":{"0":{"loc":{"start":{"line":11,"column":4},"end":{"line":14,"column":5}},"type":"if","locations":[{"start":{"line":11,"column":4},"end":{"line":14,"column":5}},{"start":{},"end":{}}],"line":11},"1":{"loc":{"start":{"line":40,"column":22},"end":{"line":40,"column":50}},"type":"binary-expr","locations":[{"start":{"line":40,"column":22},"end":{"line":40,"column":45}},{"start":{"line":40,"column":49},"end":{"line":40,"column":50}}],"line":40},"2":{"loc":{"start":{"line":40,"column":55},"end":{"line":40,"column":85}},"type":"binary-expr","locations":[{"start":{"line":40,"column":55},"end":{"line":40,"column":80}},{"start":{"line":40,"column":84},"end":{"line":40,"column":85}}],"line":40},"3":{"loc":{"start":{"line":41,"column":25},"end":{"line":41,"column":53}},"type":"binary-expr","locations":[{"start":{"line":41,"column":25},"end":{"line":41,"column":48}},{"start":{"line":41,"column":52},"end":{"line":41,"column":53}}],"line":41},"4":{"loc":{"start":{"line":42,"column":27},"end":{"line":42,"column":57}},"type":"binary-expr","locations":[{"start":{"line":42,"column":27},"end":{"line":42,"column":52}},{"start":{"line":42,"column":56},"end":{"line":42,"column":57}}],"line":42}},"s":{"0":0,"1":0,"2":0,"3":0,"4":0,"5":0,"6":0,"7":0,"8":0,"9":0,"10":0,"11":0,"12":0,"13":0,"14":0},"f":{"0":0,"1":0,"2":0},"b":{"0":[0,0],"1":[0,0],"2":[0,0],"3":[0,0],"4":[0,0]}}
,"/home/coder/projects/expensetracker/backend/src/messaging/email.templates.js": {"path":"/home/coder/projects/expensetracker/backend/src/messaging/email.templates.js","statementMap":{"0":{"start":{"line":24,"column":18},"end":{"line":24,"column":47}},"1":{"start":{"line":36,"column":8},"end":{"line":36,"column":41}},"2":{"start":{"line":37,"column":8},"end":{"line":37,"column":28}},"3":{"start":{"line":38,"column":8},"end":{"line":38,"column":33}},"4":{"start":{"line":39,"column":8},"end":{"line":39,"column":32}},"5":{"start":{"line":52,"column":23},"end":{"line":55,"column":9}},"6":{"start":{"line":56,"column":8},"end":{"line":56,"column":42}},"7":{"start":{"line":69,"column":27},"end":{"line":69,"column":69}},"8":{"start":{"line":70,"column":22},"end":{"line":70,"column":48}},"9":{"start":{"line":72,"column":8},"end":{"line":76,"column":11}},"10":{"start":{"line":73,"column":25},"end":{"line":73,"column":52}},"11":{"start":{"line":74,"column":27},"end":{"line":74,"column":79}},"12":{"start":{"line":75,"column":12},"end":{"line":75,"column":53}},"13":{"start":{"line":98,"column":8},"end":{"line":102,"column":11}},"14":{"start":{"line":99,"column":28},"end":{"line":99,"column":38}},"15":{"start":{"line":100,"column":33},"end":{"line":100,"column":51}},"16":{"start":{"line":101,"column":12},"end":{"line":101,"column":57}},"17":{"start":{"line":111,"column":8},"end":{"line":113,"column":11}},"18":{"start":{"line":112,"column":12},"end":{"line":112,"column":43}},"19":{"start":{"line":122,"column":8},"end":{"line":128,"column":11}},"20":{"start":{"line":123,"column":12},"end":{"line":127,"column":15}},"21":{"start":{"line":140,"column":8},"end":{"line":142,"column":11}},"22":{"start":{"line":141,"column":12},"end":{"line":141,"column":76}},"23":{"start":{"line":168,"column":8},"end":{"line":168,"column":31}},"24":{"start":{"line":171,"column":8},"end":{"line":177,"column":9}},"25":{"start":{"line":172,"column":27},"end":{"line":175,"column":13}},"26":{"start":{"line":176,"column":12},"end":{"line":176,"column":70}},"27":{"start":{"line":179,"column":21},"end":{"line":179,"column":55}},"28":{"start":{"line":181,"column":8},"end":{"line":198,"column":11}},"29":{"start":{"line":203,"column":30},"end":{"line":203,"column":56}}},"fnMap":{"0":{"name":"(anonymous_0)","decl":{"start":{"line":35,"column":4},"end":{"line":35,"column":5}},"loc":{"start":{"line":35,"column":18},"end":{"line":40,"column":5}},"line":35},"1":{"name":"(anonymous_1)","decl":{"start":{"line":51,"column":4},"end":{"line":51,"column":5}},"loc":{"start":{"line":51,"column":18},"end":{"line":57,"column":5}},"line":51},"2":{"name":"(anonymous_2)","decl":{"start":{"line":68,"column":4},"end":{"line":68,"column":5}},"loc":{"start":{"line":68,"column":24},"end":{"line":77,"column":5}},"line":68},"3":{"name":"(anonymous_3)","decl":{"start":{"line":72,"column":22},"end":{"line":72,"column":23}},"loc":{"start":{"line":72,"column":30},"end":{"line":76,"column":9}},"line":72},"4":{"name":"(anonymous_4)","decl":{"start":{"line":91,"column":4},"end":{"line":91,"column":5}},"loc":{"start":{"line":91,"column":23},"end":{"line":143,"column":5}},"line":91},"5":{"name":"(anonymous_5)","decl":{"start":{"line":98,"column":40},"end":{"line":98,"column":41}},"loc":{"start":{"line":98,"column":58},"end":{"line":102,"column":9}},"line":98},"6":{"name":"(anonymous_6)","decl":{"start":{"line":111,"column":52},"end":{"line":111,"column":53}},"loc":{"start":{"line":111,"column":64},"end":{"line":113,"column":9}},"line":111},"7":{"name":"(anonymous_7)","decl":{"start":{"line":122,"column":48},"end":{"line":122,"column":49}},"loc":{"start":{"line":122,"column":58},"end":{"line":128,"column":9}},"line":122},"8":{"name":"(anonymous_8)","decl":{"start":{"line":140,"column":46},"end":{"line":140,"column":47}},"loc":{"start":{"line":140,"column":71},"end":{"line":142,"column":9}},"line":140},"9":{"name":"(anonymous_9)","decl":{"start":{"line":166,"column":4},"end":{"line":166,"column":5}},"loc":{"start":{"line":166,"column":62},"end":{"line":199,"column":5}},"line":166}},"branchMap":{"0":{"loc":{"start":{"line":100,"column":33},"end":{"line":100,"column":51}},"type":"binary-expr","locations":[{"start":{"line":100,"column":33},"end":{"line":100,"column":45}},{"start":{"line":100,"column":49},"end":{"line":100,"column":51}}],"line":100},"1":{"loc":{"start":{"line":141,"column":19},"end":{"line":141,"column":75}},"type":"cond-expr","locations":[{"start":{"line":141,"column":35},"end":{"line":141,"column":51}},{"start":{"line":141,"column":54},"end":{"line":141,"column":75}}],"line":141},"2":{"loc":{"start":{"line":166,"column":31},"end":{"line":166,"column":60}},"type":"default-arg","locations":[{"start":{"line":166,"column":40},"end":{"line":166,"column":60}}],"line":166},"3":{"loc":{"start":{"line":171,"column":8},"end":{"line":177,"column":9}},"type":"if","locations":[{"start":{"line":171,"column":8},"end":{"line":177,"column":9}},{"start":{},"end":{}}],"line":171}},"s":{"0":0,"1":0,"2":0,"3":0,"4":0,"5":0,"6":0,"7":0,"8":0,"9":0,"10":0,"11":0,"12":0,"13":0,"14":0,"15":0,"16":0,"17":0,"18":0,"19":0,"20":0,"21":0,"22":0,"23":0,"24":0,"25":0,"26":0,"27":0,"28":0,"29":0},"f":{"0":0,"1":0,"2":0,"3":0,"4":0,"5":0,"6":0,"7":0,"8":0,"9":0},"b":{"0":[0,0],"1":[0,0],"2":[0],"3":[0,0]}}
,"/home/coder/projects/expensetracker/backend/src/middleware/auth.middleware.js": {"path":"/home/coder/projects/expensetracker/backend/src/middleware/auth.middleware.js","statementMap":{"0":{"start":{"line":8,"column":28},"end":{"line":36,"column":1}},"1":{"start":{"line":9,"column":4},"end":{"line":35,"column":5}},"2":{"start":{"line":11,"column":27},"end":{"line":11,"column":56}},"3":{"start":{"line":12,"column":8},"end":{"line":14,"column":9}},"4":{"start":{"line":13,"column":12},"end":{"line":13,"column":94}},"5":{"start":{"line":16,"column":22},"end":{"line":16,"column":46}},"6":{"start":{"line":19,"column":24},"end":{"line":19,"column":59}},"7":{"start":{"line":21,"column":21},"end":{"line":21,"column":64}},"8":{"start":{"line":23,"column":8},"end":{"line":25,"column":9}},"9":{"start":{"line":24,"column":12},"end":{"line":24,"column":97}},"10":{"start":{"line":27,"column":8},"end":{"line":27,"column":28}},"11":{"start":{"line":28,"column":8},"end":{"line":28,"column":15}},"12":{"start":{"line":31,"column":8},"end":{"line":33,"column":9}},"13":{"start":{"line":32,"column":12},"end":{"line":32,"column":92}},"14":{"start":{"line":34,"column":8},"end":{"line":34,"column":20}}},"fnMap":{"0":{"name":"(anonymous_0)","decl":{"start":{"line":8,"column":28},"end":{"line":8,"column":29}},"loc":{"start":{"line":8,"column":63},"end":{"line":36,"column":1}},"line":8}},"branchMap":{"0":{"loc":{"start":{"line":12,"column":8},"end":{"line":14,"column":9}},"type":"if","locations":[{"start":{"line":12,"column":8},"end":{"line":14,"column":9}},{"start":{},"end":{}}],"line":12},"1":{"loc":{"start":{"line":12,"column":11},"end":{"line":12,"column":58}},"type":"binary-expr","locations":[{"start":{"line":12,"column":11},"end":{"line":12,"column":22}},{"start":{"line":12,"column":26},"end":{"line":12,"column":58}}],"line":12},"2":{"loc":{"start":{"line":23,"column":8},"end":{"line":25,"column":9}},"type":"if","locations":[{"start":{"line":23,"column":8},"end":{"line":25,"column":9}},{"start":{},"end":{}}],"line":23},"3":{"loc":{"start":{"line":23,"column":11},"end":{"line":23,"column":34}},"type":"binary-expr","locations":[{"start":{"line":23,"column":11},"end":{"line":23,"column":16}},{"start":{"line":23,"column":20},"end":{"line":23,"column":34}}],"line":23},"4":{"loc":{"start":{"line":31,"column":8},"end":{"line":33,"column":9}},"type":"if","locations":[{"start":{"line":31,"column":8},"end":{"line":33,"column":9}},{"start":{},"end":{}}],"line":31},"5":{"loc":{"start":{"line":31,"column":11},"end":{"line":31,"column":83}},"type":"binary-expr","locations":[{"start":{"line":31,"column":11},"end":{"line":31,"column":45}},{"start":{"line":31,"column":49},"end":{"line":31,"column":83}}],"line":31}},"s":{"0":0,"1":0,"2":0,"3":0,"4":0,"5":0,"6":0,"7":0,"8":0,"9":0,"10":0,"11":0,"12":0,"13":0,"14":0},"f":{"0":0},"b":{"0":[0,0],"1":[0,0],"2":[0,0],"3":[0,0],"4":[0,0],"5":[0,0]}}
,"/home/coder/projects/expensetracker/backend/src/middleware/error.middleware.js": {"path":"/home/coder/projects/expensetracker/backend/src/middleware/error.middleware.js","statementMap":{"0":{"start":{"line":45,"column":28},"end":{"line":96,"column":1}},"1":{"start":{"line":47,"column":26},"end":{"line":52,"column":9}},"2":{"start":{"line":54,"column":16},"end":{"line":54,"column":29}},"3":{"start":{"line":56,"column":4},"end":{"line":62,"column":7}},"4":{"start":{"line":65,"column":4},"end":{"line":67,"column":5}},"5":{"start":{"line":66,"column":8},"end":{"line":66,"column":82}},"6":{"start":{"line":70,"column":4},"end":{"line":73,"column":5}},"7":{"start":{"line":71,"column":22},"end":{"line":71,"column":59}},"8":{"start":{"line":72,"column":8},"end":{"line":72,"column":88}},"9":{"start":{"line":76,"column":4},"end":{"line":78,"column":5}},"10":{"start":{"line":77,"column":8},"end":{"line":77,"column":82}},"11":{"start":{"line":81,"column":4},"end":{"line":83,"column":5}},"12":{"start":{"line":82,"column":8},"end":{"line":82,"column":82}},"13":{"start":{"line":85,"column":23},"end":{"line":85,"column":86}},"14":{"start":{"line":86,"column":20},"end":{"line":86,"column":70}},"15":{"start":{"line":88,"column":4},"end":{"line":94,"column":6}},"16":{"start":{"line":114,"column":31},"end":{"line":116,"column":1}},"17":{"start":{"line":115,"column":4},"end":{"line":115,"column":99}}},"fnMap":{"0":{"name":"(anonymous_0)","decl":{"start":{"line":45,"column":28},"end":{"line":45,"column":29}},"loc":{"start":{"line":45,"column":67},"end":{"line":96,"column":1}},"line":45},"1":{"name":"(anonymous_1)","decl":{"start":{"line":114,"column":31},"end":{"line":114,"column":32}},"loc":{"start":{"line":114,"column":60},"end":{"line":116,"column":1}},"line":114}},"branchMap":{"0":{"loc":{"start":{"line":47,"column":26},"end":{"line":52,"column":9}},"type":"cond-expr","locations":[{"start":{"line":48,"column":10},"end":{"line":48,"column":18}},{"start":{"line":49,"column":10},"end":{"line":52,"column":9}}],"line":47},"1":{"loc":{"start":{"line":50,"column":12},"end":{"line":50,"column":68}},"type":"binary-expr","locations":[{"start":{"line":50,"column":12},"end":{"line":50,"column":29}},{"start":{"line":50,"column":33},"end":{"line":50,"column":41}},{"start":{"line":50,"column":45},"end":{"line":50,"column":68}}],"line":50},"2":{"loc":{"start":{"line":51,"column":12},"end":{"line":51,"column":69}},"type":"binary-expr","locations":[{"start":{"line":51,"column":12},"end":{"line":51,"column":32}},{"start":{"line":51,"column":36},"end":{"line":51,"column":69}}],"line":51},"3":{"loc":{"start":{"line":65,"column":4},"end":{"line":67,"column":5}},"type":"if","locations":[{"start":{"line":65,"column":4},"end":{"line":67,"column":5}},{"start":{},"end":{}}],"line":65},"4":{"loc":{"start":{"line":70,"column":4},"end":{"line":73,"column":5}},"type":"if","locations":[{"start":{"line":70,"column":4},"end":{"line":73,"column":5}},{"start":{},"end":{}}],"line":70},"5":{"loc":{"start":{"line":71,"column":22},"end":{"line":71,"column":59}},"type":"binary-expr","locations":[{"start":{"line":71,"column":22},"end":{"line":71,"column":48}},{"start":{"line":71,"column":52},"end":{"line":71,"column":59}}],"line":71},"6":{"loc":{"start":{"line":76,"column":4},"end":{"line":78,"column":5}},"type":"if","locations":[{"start":{"line":76,"column":4},"end":{"line":78,"column":5}},{"start":{},"end":{}}],"line":76},"7":{"loc":{"start":{"line":81,"column":4},"end":{"line":83,"column":5}},"type":"if","locations":[{"start":{"line":81,"column":4},"end":{"line":83,"column":5}},{"start":{},"end":{}}],"line":81},"8":{"loc":{"start":{"line":85,"column":23},"end":{"line":85,"column":86}},"type":"binary-expr","locations":[{"start":{"line":85,"column":23},"end":{"line":85,"column":49}},{"start":{"line":85,"column":53},"end":{"line":85,"column":86}}],"line":85},"9":{"loc":{"start":{"line":86,"column":20},"end":{"line":86,"column":70}},"type":"binary-expr","locations":[{"start":{"line":86,"column":20},"end":{"line":86,"column":43}},{"start":{"line":86,"column":47},"end":{"line":86,"column":70}}],"line":86},"10":{"loc":{"start":{"line":93,"column":15},"end":{"line":93,"column":83}},"type":"cond-expr","locations":[{"start":{"line":93,"column":50},"end":{"line":93,"column":71}},{"start":{"line":93,"column":74},"end":{"line":93,"column":83}}],"line":93}},"s":{"0":1,"1":8,"2":8,"3":8,"4":8,"5":1,"6":8,"7":1,"8":1,"9":8,"10":1,"11":8,"12":1,"13":8,"14":8,"15":8,"16":1,"17":1},"f":{"0":8,"1":1},"b":{"0":[4,4],"1":[4,0,0],"2":[4,4],"3":[1,7],"4":[1,7],"5":[1,0],"6":[1,7],"7":[1,7],"8":[8,4],"9":[8,1],"10":[1,7]},"_coverageSchema":"1a1c01bbd47fc00a2c39e90264f33305004495a9","hash":"7dd61ac94cb24390dacf1658848e5e12ad8af407"}
,"/home/coder/projects/expensetracker/backend/src/middleware/lang.middleware.js": {"path":"/home/coder/projects/expensetracker/backend/src/middleware/lang.middleware.js","statementMap":{"0":{"start":{"line":9,"column":27},"end":{"line":23,"column":1}},"1":{"start":{"line":11,"column":17},"end":{"line":11,"column":38}},"2":{"start":{"line":13,"column":27},"end":{"line":13,"column":54}},"3":{"start":{"line":14,"column":4},"end":{"line":16,"column":5}},"4":{"start":{"line":15,"column":8},"end":{"line":15,"column":69}},"5":{"start":{"line":19,"column":4},"end":{"line":21,"column":5}},"6":{"start":{"line":20,"column":8},"end":{"line":20,"column":32}},"7":{"start":{"line":22,"column":4},"end":{"line":22,"column":11}}},"fnMap":{"0":{"name":"(anonymous_0)","decl":{"start":{"line":9,"column":27},"end":{"line":9,"column":28}},"loc":{"start":{"line":9,"column":56},"end":{"line":23,"column":1}},"line":9}},"branchMap":{"0":{"loc":{"start":{"line":14,"column":4},"end":{"line":16,"column":5}},"type":"if","locations":[{"start":{"line":14,"column":4},"end":{"line":16,"column":5}},{"start":{},"end":{}}],"line":14},"1":{"loc":{"start":{"line":19,"column":4},"end":{"line":21,"column":5}},"type":"if","locations":[{"start":{"line":19,"column":4},"end":{"line":21,"column":5}},{"start":{},"end":{}}],"line":19},"2":{"loc":{"start":{"line":19,"column":7},"end":{"line":19,"column":47}},"type":"binary-expr","locations":[{"start":{"line":19,"column":7},"end":{"line":19,"column":11}},{"start":{"line":19,"column":15},"end":{"line":19,"column":47}}],"line":19}},"s":{"0":1,"1":6,"2":6,"3":6,"4":1,"5":5,"6":5,"7":5},"f":{"0":6},"b":{"0":[1,5],"1":[5,0],"2":[5,5]},"_coverageSchema":"1a1c01bbd47fc00a2c39e90264f33305004495a9","hash":"10aa3627c50511ab7c06ea55579e7afc25d03fdd"}
,"/home/coder/projects/expensetracker/backend/src/middleware/validation.middleware.js": {"path":"/home/coder/projects/expensetracker/backend/src/middleware/validation.middleware.js","statementMap":{"0":{"start":{"line":25,"column":24},"end":{"line":44,"column":1}},"1":{"start":{"line":26,"column":4},"end":{"line":43,"column":5}},"2":{"start":{"line":27,"column":31},"end":{"line":30,"column":10}},"3":{"start":{"line":32,"column":8},"end":{"line":39,"column":9}},"4":{"start":{"line":33,"column":27},"end":{"line":36,"column":15}},"5":{"start":{"line":33,"column":56},"end":{"line":36,"column":13}},"6":{"start":{"line":38,"column":12},"end":{"line":38,"column":72}},"7":{"start":{"line":41,"column":8},"end":{"line":41,"column":29}},"8":{"start":{"line":42,"column":8},"end":{"line":42,"column":15}},"9":{"start":{"line":68,"column":29},"end":{"line":86,"column":1}},"10":{"start":{"line":69,"column":4},"end":{"line":85,"column":5}},"11":{"start":{"line":70,"column":31},"end":{"line":73,"column":10}},"12":{"start":{"line":75,"column":8},"end":{"line":81,"column":9}},"13":{"start":{"line":76,"column":27},"end":{"line":79,"column":15}},"14":{"start":{"line":76,"column":56},"end":{"line":79,"column":13}},"15":{"start":{"line":80,"column":12},"end":{"line":80,"column":79}},"16":{"start":{"line":83,"column":8},"end":{"line":83,"column":30}},"17":{"start":{"line":84,"column":8},"end":{"line":84,"column":15}},"18":{"start":{"line":110,"column":30},"end":{"line":127,"column":1}},"19":{"start":{"line":111,"column":4},"end":{"line":126,"column":5}},"20":{"start":{"line":112,"column":31},"end":{"line":115,"column":10}},"21":{"start":{"line":116,"column":8},"end":{"line":122,"column":9}},"22":{"start":{"line":117,"column":27},"end":{"line":120,"column":15}},"23":{"start":{"line":117,"column":56},"end":{"line":120,"column":13}},"24":{"start":{"line":121,"column":12},"end":{"line":121,"column":73}},"25":{"start":{"line":124,"column":8},"end":{"line":124,"column":31}},"26":{"start":{"line":125,"column":8},"end":{"line":125,"column":15}}},"fnMap":{"0":{"name":"(anonymous_0)","decl":{"start":{"line":25,"column":24},"end":{"line":25,"column":25}},"loc":{"start":{"line":25,"column":36},"end":{"line":44,"column":1}},"line":25},"1":{"name":"(anonymous_1)","decl":{"start":{"line":26,"column":11},"end":{"line":26,"column":12}},"loc":{"start":{"line":26,"column":40},"end":{"line":43,"column":5}},"line":26},"2":{"name":"(anonymous_2)","decl":{"start":{"line":33,"column":45},"end":{"line":33,"column":46}},"loc":{"start":{"line":33,"column":56},"end":{"line":36,"column":13}},"line":33},"3":{"name":"(anonymous_3)","decl":{"start":{"line":68,"column":29},"end":{"line":68,"column":30}},"loc":{"start":{"line":68,"column":41},"end":{"line":86,"column":1}},"line":68},"4":{"name":"(anonymous_4)","decl":{"start":{"line":69,"column":11},"end":{"line":69,"column":12}},"loc":{"start":{"line":69,"column":40},"end":{"line":85,"column":5}},"line":69},"5":{"name":"(anonymous_5)","decl":{"start":{"line":76,"column":45},"end":{"line":76,"column":46}},"loc":{"start":{"line":76,"column":56},"end":{"line":79,"column":13}},"line":76},"6":{"name":"(anonymous_6)","decl":{"start":{"line":110,"column":30},"end":{"line":110,"column":31}},"loc":{"start":{"line":110,"column":42},"end":{"line":127,"column":1}},"line":110},"7":{"name":"(anonymous_7)","decl":{"start":{"line":111,"column":11},"end":{"line":111,"column":12}},"loc":{"start":{"line":111,"column":40},"end":{"line":126,"column":5}},"line":111},"8":{"name":"(anonymous_8)","decl":{"start":{"line":117,"column":45},"end":{"line":117,"column":46}},"loc":{"start":{"line":117,"column":56},"end":{"line":120,"column":13}},"line":117}},"branchMap":{"0":{"loc":{"start":{"line":32,"column":8},"end":{"line":39,"column":9}},"type":"if","locations":[{"start":{"line":32,"column":8},"end":{"line":39,"column":9}},{"start":{},"end":{}}],"line":32},"1":{"loc":{"start":{"line":75,"column":8},"end":{"line":81,"column":9}},"type":"if","locations":[{"start":{"line":75,"column":8},"end":{"line":81,"column":9}},{"start":{},"end":{}}],"line":75},"2":{"loc":{"start":{"line":116,"column":8},"end":{"line":122,"column":9}},"type":"if","locations":[{"start":{"line":116,"column":8},"end":{"line":122,"column":9}},{"start":{},"end":{}}],"line":116}},"s":{"0":1,"1":4,"2":4,"3":4,"4":1,"5":2,"6":1,"7":3,"8":3,"9":1,"10":4,"11":4,"12":4,"13":1,"14":1,"15":1,"16":3,"17":3,"18":1,"19":4,"20":4,"21":4,"22":1,"23":1,"24":1,"25":3,"26":3},"f":{"0":4,"1":4,"2":2,"3":4,"4":4,"5":1,"6":4,"7":4,"8":1},"b":{"0":[1,3],"1":[1,3],"2":[1,3]},"_coverageSchema":"1a1c01bbd47fc00a2c39e90264f33305004495a9","hash":"2ac011720804bb11948b5e5619389ce11cffa6d8"}
,"/home/coder/projects/expensetracker/backend/src/services/auth.service.js": {"path":"/home/coder/projects/expensetracker/backend/src/services/auth.service.js","statementMap":{"0":{"start":{"line":8,"column":33},"end":{"line":15,"column":1}},"1":{"start":{"line":10,"column":25},"end":{"line":12,"column":6}},"2":{"start":{"line":14,"column":4},"end":{"line":14,"column":24}},"3":{"start":{"line":17,"column":26},"end":{"line":51,"column":1}},"4":{"start":{"line":19,"column":27},"end":{"line":19,"column":67}},"5":{"start":{"line":20,"column":4},"end":{"line":23,"column":5}},"6":{"start":{"line":21,"column":8},"end":{"line":21,"column":55}},"7":{"start":{"line":22,"column":8},"end":{"line":22,"column":82}},"8":{"start":{"line":25,"column":27},"end":{"line":25,"column":58}},"9":{"start":{"line":27,"column":17},"end":{"line":48,"column":6}},"10":{"start":{"line":50,"column":4},"end":{"line":50,"column":16}},"11":{"start":{"line":53,"column":34},"end":{"line":64,"column":1}},"12":{"start":{"line":55,"column":4},"end":{"line":62,"column":7}},"13":{"start":{"line":63,"column":4},"end":{"line":63,"column":105}},"14":{"start":{"line":66,"column":31},"end":{"line":73,"column":1}},"15":{"start":{"line":67,"column":24},"end":{"line":70,"column":6}},"16":{"start":{"line":72,"column":4},"end":{"line":72,"column":23}},"17":{"start":{"line":75,"column":34},"end":{"line":77,"column":1}},"18":{"start":{"line":76,"column":4},"end":{"line":76,"column":75}},"19":{"start":{"line":79,"column":34},"end":{"line":98,"column":1}},"20":{"start":{"line":81,"column":4},"end":{"line":89,"column":7}},"21":{"start":{"line":91,"column":4},"end":{"line":97,"column":6}},"22":{"start":{"line":100,"column":39},"end":{"line":108,"column":1}},"23":{"start":{"line":101,"column":4},"end":{"line":107,"column":7}},"24":{"start":{"line":110,"column":36},"end":{"line":115,"column":1}},"25":{"start":{"line":111,"column":4},"end":{"line":114,"column":7}},"26":{"start":{"line":117,"column":39},"end":{"line":119,"column":1}},"27":{"start":{"line":118,"column":4},"end":{"line":118,"column":66}},"28":{"start":{"line":121,"column":35},"end":{"line":133,"column":1}},"29":{"start":{"line":123,"column":4},"end":{"line":132,"column":7}},"30":{"start":{"line":124,"column":8},"end":{"line":127,"column":11}},"31":{"start":{"line":129,"column":8},"end":{"line":131,"column":11}},"32":{"start":{"line":135,"column":37},"end":{"line":151,"column":1}},"33":{"start":{"line":137,"column":4},"end":{"line":150,"column":7}},"34":{"start":{"line":138,"column":8},"end":{"line":140,"column":11}},"35":{"start":{"line":141,"column":8},"end":{"line":148,"column":11}},"36":{"start":{"line":149,"column":8},"end":{"line":149,"column":66}},"37":{"start":{"line":153,"column":38},"end":{"line":162,"column":1}},"38":{"start":{"line":154,"column":4},"end":{"line":161,"column":7}},"39":{"start":{"line":164,"column":23},"end":{"line":179,"column":1}},"40":{"start":{"line":166,"column":18},"end":{"line":168,"column":6}},"41":{"start":{"line":170,"column":4},"end":{"line":170,"column":26}},"42":{"start":{"line":170,"column":14},"end":{"line":170,"column":26}},"43":{"start":{"line":172,"column":4},"end":{"line":176,"column":5}},"44":{"start":{"line":178,"column":4},"end":{"line":178,"column":16}},"45":{"start":{"line":181,"column":26},"end":{"line":206,"column":1}},"46":{"start":{"line":182,"column":17},"end":{"line":199,"column":6}},"47":{"start":{"line":201,"column":4},"end":{"line":203,"column":5}},"48":{"start":{"line":202,"column":8},"end":{"line":202,"column":20}},"49":{"start":{"line":205,"column":4},"end":{"line":205,"column":16}},"50":{"start":{"line":208,"column":40},"end":{"line":222,"column":1}},"51":{"start":{"line":210,"column":22},"end":{"line":216,"column":6}},"52":{"start":{"line":218,"column":4},"end":{"line":221,"column":5}},"53":{"start":{"line":224,"column":30},"end":{"line":234,"column":1}},"54":{"start":{"line":225,"column":17},"end":{"line":232,"column":6}},"55":{"start":{"line":233,"column":4},"end":{"line":233,"column":25}},"56":{"start":{"line":236,"column":34},"end":{"line":257,"column":1}},"57":{"start":{"line":238,"column":27},"end":{"line":238,"column":58}},"58":{"start":{"line":239,"column":32},"end":{"line":239,"column":71}},"59":{"start":{"line":241,"column":4},"end":{"line":256,"column":7}},"60":{"start":{"line":242,"column":8},"end":{"line":247,"column":11}},"61":{"start":{"line":249,"column":8},"end":{"line":255,"column":10}},"62":{"start":{"line":259,"column":31},"end":{"line":264,"column":1}},"63":{"start":{"line":260,"column":4},"end":{"line":263,"column":7}},"64":{"start":{"line":267,"column":28},"end":{"line":278,"column":1}},"65":{"start":{"line":268,"column":26},"end":{"line":268,"column":51}},"66":{"start":{"line":269,"column":4},"end":{"line":269,"column":35}},"67":{"start":{"line":269,"column":23},"end":{"line":269,"column":35}},"68":{"start":{"line":281,"column":29},"end":{"line":290,"column":1}},"69":{"start":{"line":282,"column":4},"end":{"line":283,"column":75}},"70":{"start":{"line":283,"column":8},"end":{"line":283,"column":75}},"71":{"start":{"line":285,"column":18},"end":{"line":285,"column":37}},"72":{"start":{"line":286,"column":4},"end":{"line":287,"column":63}},"73":{"start":{"line":287,"column":8},"end":{"line":287,"column":63}},"74":{"start":{"line":289,"column":4},"end":{"line":289,"column":49}},"75":{"start":{"line":293,"column":23},"end":{"line":301,"column":1}},"76":{"start":{"line":294,"column":22},"end":{"line":294,"column":24}},"77":{"start":{"line":295,"column":4},"end":{"line":299,"column":5}},"78":{"start":{"line":296,"column":8},"end":{"line":298,"column":9}},"79":{"start":{"line":297,"column":12},"end":{"line":297,"column":35}},"80":{"start":{"line":300,"column":4},"end":{"line":300,"column":21}},"81":{"start":{"line":303,"column":22},"end":{"line":305,"column":1}},"82":{"start":{"line":304,"column":4},"end":{"line":304,"column":62}},"83":{"start":{"line":304,"column":27},"end":{"line":304,"column":60}},"84":{"start":{"line":307,"column":32},"end":{"line":315,"column":1}},"85":{"start":{"line":308,"column":4},"end":{"line":308,"column":26}},"86":{"start":{"line":308,"column":14},"end":{"line":308,"column":26}},"87":{"start":{"line":310,"column":4},"end":{"line":312,"column":5}},"88":{"start":{"line":311,"column":8},"end":{"line":311,"column":48}},"89":{"start":{"line":314,"column":4},"end":{"line":314,"column":45}}},"fnMap":{"0":{"name":"(anonymous_0)","decl":{"start":{"line":8,"column":33},"end":{"line":8,"column":34}},"loc":{"start":{"line":8,"column":60},"end":{"line":15,"column":1}},"line":8},"1":{"name":"(anonymous_1)","decl":{"start":{"line":17,"column":26},"end":{"line":17,"column":27}},"loc":{"start":{"line":17,"column":94},"end":{"line":51,"column":1}},"line":17},"2":{"name":"(anonymous_2)","decl":{"start":{"line":53,"column":34},"end":{"line":53,"column":35}},"loc":{"start":{"line":53,"column":77},"end":{"line":64,"column":1}},"line":53},"3":{"name":"(anonymous_3)","decl":{"start":{"line":66,"column":31},"end":{"line":66,"column":32}},"loc":{"start":{"line":66,"column":48},"end":{"line":73,"column":1}},"line":66},"4":{"name":"(anonymous_4)","decl":{"start":{"line":75,"column":34},"end":{"line":75,"column":35}},"loc":{"start":{"line":75,"column":57},"end":{"line":77,"column":1}},"line":75},"5":{"name":"(anonymous_5)","decl":{"start":{"line":79,"column":34},"end":{"line":79,"column":35}},"loc":{"start":{"line":79,"column":110},"end":{"line":98,"column":1}},"line":79},"6":{"name":"(anonymous_6)","decl":{"start":{"line":100,"column":39},"end":{"line":100,"column":40}},"loc":{"start":{"line":100,"column":75},"end":{"line":108,"column":1}},"line":100},"7":{"name":"(anonymous_7)","decl":{"start":{"line":110,"column":36},"end":{"line":110,"column":37}},"loc":{"start":{"line":110,"column":53},"end":{"line":115,"column":1}},"line":110},"8":{"name":"(anonymous_8)","decl":{"start":{"line":117,"column":39},"end":{"line":117,"column":40}},"loc":{"start":{"line":117,"column":57},"end":{"line":119,"column":1}},"line":117},"9":{"name":"(anonymous_9)","decl":{"start":{"line":121,"column":35},"end":{"line":121,"column":36}},"loc":{"start":{"line":121,"column":68},"end":{"line":133,"column":1}},"line":121},"10":{"name":"(anonymous_10)","decl":{"start":{"line":123,"column":30},"end":{"line":123,"column":31}},"loc":{"start":{"line":123,"column":44},"end":{"line":132,"column":5}},"line":123},"11":{"name":"(anonymous_11)","decl":{"start":{"line":135,"column":37},"end":{"line":135,"column":38}},"loc":{"start":{"line":135,"column":71},"end":{"line":151,"column":1}},"line":135},"12":{"name":"(anonymous_12)","decl":{"start":{"line":137,"column":30},"end":{"line":137,"column":31}},"loc":{"start":{"line":137,"column":44},"end":{"line":150,"column":5}},"line":137},"13":{"name":"(anonymous_13)","decl":{"start":{"line":153,"column":38},"end":{"line":153,"column":39}},"loc":{"start":{"line":153,"column":85},"end":{"line":162,"column":1}},"line":153},"14":{"name":"(anonymous_14)","decl":{"start":{"line":164,"column":23},"end":{"line":164,"column":24}},"loc":{"start":{"line":164,"column":40},"end":{"line":179,"column":1}},"line":164},"15":{"name":"(anonymous_15)","decl":{"start":{"line":181,"column":26},"end":{"line":181,"column":27}},"loc":{"start":{"line":181,"column":43},"end":{"line":206,"column":1}},"line":181},"16":{"name":"(anonymous_16)","decl":{"start":{"line":208,"column":40},"end":{"line":208,"column":41}},"loc":{"start":{"line":208,"column":62},"end":{"line":222,"column":1}},"line":208},"17":{"name":"(anonymous_17)","decl":{"start":{"line":224,"column":30},"end":{"line":224,"column":31}},"loc":{"start":{"line":224,"column":47},"end":{"line":234,"column":1}},"line":224},"18":{"name":"(anonymous_18)","decl":{"start":{"line":236,"column":34},"end":{"line":236,"column":35}},"loc":{"start":{"line":236,"column":60},"end":{"line":257,"column":1}},"line":236},"19":{"name":"(anonymous_19)","decl":{"start":{"line":241,"column":30},"end":{"line":241,"column":31}},"loc":{"start":{"line":241,"column":44},"end":{"line":256,"column":5}},"line":241},"20":{"name":"(anonymous_20)","decl":{"start":{"line":259,"column":31},"end":{"line":259,"column":32}},"loc":{"start":{"line":259,"column":47},"end":{"line":264,"column":1}},"line":259},"21":{"name":"(anonymous_21)","decl":{"start":{"line":267,"column":28},"end":{"line":267,"column":29}},"loc":{"start":{"line":267,"column":44},"end":{"line":278,"column":1}},"line":267},"22":{"name":"(anonymous_22)","decl":{"start":{"line":281,"column":29},"end":{"line":281,"column":30}},"loc":{"start":{"line":281,"column":46},"end":{"line":290,"column":1}},"line":281},"23":{"name":"(anonymous_23)","decl":{"start":{"line":293,"column":23},"end":{"line":293,"column":24}},"loc":{"start":{"line":293,"column":45},"end":{"line":301,"column":1}},"line":293},"24":{"name":"(anonymous_24)","decl":{"start":{"line":303,"column":22},"end":{"line":303,"column":23}},"loc":{"start":{"line":303,"column":44},"end":{"line":305,"column":1}},"line":303},"25":{"name":"(anonymous_25)","decl":{"start":{"line":304,"column":19},"end":{"line":304,"column":20}},"loc":{"start":{"line":304,"column":27},"end":{"line":304,"column":60}},"line":304},"26":{"name":"(anonymous_26)","decl":{"start":{"line":307,"column":32},"end":{"line":307,"column":33}},"loc":{"start":{"line":307,"column":55},"end":{"line":315,"column":1}},"line":307}},"branchMap":{"0":{"loc":{"start":{"line":20,"column":4},"end":{"line":23,"column":5}},"type":"if","locations":[{"start":{"line":20,"column":4},"end":{"line":23,"column":5}},{"start":{},"end":{}}],"line":20},"1":{"loc":{"start":{"line":79,"column":91},"end":{"line":79,"column":104}},"type":"default-arg","locations":[{"start":{"line":79,"column":100},"end":{"line":79,"column":104}}],"line":79},"2":{"loc":{"start":{"line":96,"column":16},"end":{"line":96,"column":116}},"type":"cond-expr","locations":[{"start":{"line":96,"column":37},"end":{"line":96,"column":76}},{"start":{"line":96,"column":78},"end":{"line":96,"column":116}}],"line":96},"3":{"loc":{"start":{"line":100,"column":59},"end":{"line":100,"column":70}},"type":"default-arg","locations":[{"start":{"line":100,"column":64},"end":{"line":100,"column":70}}],"line":100},"4":{"loc":{"start":{"line":170,"column":4},"end":{"line":170,"column":26}},"type":"if","locations":[{"start":{"line":170,"column":4},"end":{"line":170,"column":26}},{"start":{},"end":{}}],"line":170},"5":{"loc":{"start":{"line":201,"column":4},"end":{"line":203,"column":5}},"type":"if","locations":[{"start":{"line":201,"column":4},"end":{"line":203,"column":5}},{"start":{},"end":{}}],"line":201},"6":{"loc":{"start":{"line":220,"column":14},"end":{"line":220,"column":31}},"type":"binary-expr","locations":[{"start":{"line":220,"column":14},"end":{"line":220,"column":23}},{"start":{"line":220,"column":27},"end":{"line":220,"column":31}}],"line":220},"7":{"loc":{"start":{"line":269,"column":4},"end":{"line":269,"column":35}},"type":"if","locations":[{"start":{"line":269,"column":4},"end":{"line":269,"column":35}},{"start":{},"end":{}}],"line":269},"8":{"loc":{"start":{"line":282,"column":4},"end":{"line":283,"column":75}},"type":"if","locations":[{"start":{"line":282,"column":4},"end":{"line":283,"column":75}},{"start":{},"end":{}}],"line":282},"9":{"loc":{"start":{"line":282,"column":7},"end":{"line":282,"column":46}},"type":"binary-expr","locations":[{"start":{"line":282,"column":7},"end":{"line":282,"column":13}},{"start":{"line":282,"column":17},"end":{"line":282,"column":29}},{"start":{"line":282,"column":33},"end":{"line":282,"column":46}}],"line":282},"10":{"loc":{"start":{"line":286,"column":4},"end":{"line":287,"column":63}},"type":"if","locations":[{"start":{"line":286,"column":4},"end":{"line":287,"column":63}},{"start":{},"end":{}}],"line":286},"11":{"loc":{"start":{"line":296,"column":8},"end":{"line":298,"column":9}},"type":"if","locations":[{"start":{"line":296,"column":8},"end":{"line":298,"column":9}},{"start":{},"end":{}}],"line":296},"12":{"loc":{"start":{"line":308,"column":4},"end":{"line":308,"column":26}},"type":"if","locations":[{"start":{"line":308,"column":4},"end":{"line":308,"column":26}},{"start":{},"end":{}}],"lin
[...]
,"/home/coder/projects/expensetracker/backend/src/services/helper.service.js": {"path":"/home/coder/projects/expensetracker/backend/src/services/helper.service.js","statementMap":{},"fnMap":{},"branchMap":{},"s":{},"f":{},"b":{}}
,"/home/coder/projects/expensetracker/backend/src/services/profile.service.js": {"path":"/home/coder/projects/expensetracker/backend/src/services/profile.service.js","statementMap":{"0":{"start":{"line":3,"column":27},"end":{"line":27,"column":1}},"1":{"start":{"line":4,"column":4},"end":{"line":4,"column":61}},"2":{"start":{"line":5,"column":4},"end":{"line":26,"column":7}},"3":{"start":{"line":30,"column":34},"end":{"line":37,"column":1}},"4":{"start":{"line":31,"column":4},"end":{"line":36,"column":6}},"5":{"start":{"line":40,"column":30},"end":{"line":66,"column":1}},"6":{"start":{"line":41,"column":4},"end":{"line":64,"column":6}}},"fnMap":{"0":{"name":"(anonymous_0)","decl":{"start":{"line":3,"column":27},"end":{"line":3,"column":28}},"loc":{"start":{"line":3,"column":47},"end":{"line":27,"column":1}},"line":3},"1":{"name":"(anonymous_1)","decl":{"start":{"line":30,"column":34},"end":{"line":30,"column":35}},"loc":{"start":{"line":30,"column":66},"end":{"line":37,"column":1}},"line":30},"2":{"name":"(anonymous_2)","decl":{"start":{"line":40,"column":30},"end":{"line":40,"column":31}},"loc":{"start":{"line":40,"column":73},"end":{"line":66,"column":1}},"line":40}},"branchMap":{"0":{"loc":{"start":{"line":40,"column":59},"end":{"line":40,"column":68}},"type":"default-arg","locations":[{"start":{"line":40,"column":67},"end":{"line":40,"column":68}}],"line":40}},"s":{"0":0,"1":0,"2":0,"3":0,"4":0,"5":0,"6":0},"f":{"0":0,"1":0,"2":0},"b":{"0":[0]}}
,"/home/coder/projects/expensetracker/backend/src/services/transaction.service.js": {"path":"/home/coder/projects/expensetracker/backend/src/services/transaction.service.js","statementMap":{"0":{"start":{"line":3,"column":39},"end":{"line":25,"column":1}},"1":{"start":{"line":5,"column":4},"end":{"line":5,"column":49}},"2":{"start":{"line":7,"column":19},"end":{"line":21,"column":6}},"3":{"start":{"line":23,"column":4},"end":{"line":23,"column":18}},"4":{"start":{"line":27,"column":37},"end":{"line":31,"column":1}},"5":{"start":{"line":28,"column":25},"end":{"line":28,"column":85}},"6":{"start":{"line":29,"column":4},"end":{"line":29,"column":32}},"7":{"start":{"line":29,"column":22},"end":{"line":29,"column":32}},"8":{"start":{"line":30,"column":4},"end":{"line":30,"column":24}},"9":{"start":{"line":33,"column":34},"end":{"line":37,"column":1}},"10":{"start":{"line":34,"column":24},"end":{"line":34,"column":89}},"11":{"start":{"line":35,"column":4},"end":{"line":35,"column":33}},"12":{"start":{"line":35,"column":21},"end":{"line":35,"column":33}},"13":{"start":{"line":36,"column":4},"end":{"line":36,"column":23}},"14":{"start":{"line":39,"column":37},"end":{"line":42,"column":1}},"15":{"start":{"line":41,"column":4},"end":{"line":41,"column":90}},"16":{"start":{"line":45,"column":39},"end":{"line":65,"column":1}},"17":{"start":{"line":47,"column":31},"end":{"line":62,"column":6}},"18":{"start":{"line":63,"column":4},"end":{"line":63,"column":40}},"19":{"start":{"line":63,"column":28},"end":{"line":63,"column":40}},"20":{"start":{"line":64,"column":4},"end":{"line":64,"column":30}}},"fnMap":{"0":{"name":"(anonymous_0)","decl":{"start":{"line":3,"column":39},"end":{"line":3,"column":40}},"loc":{"start":{"line":3,"column":66},"end":{"line":25,"column":1}},"line":3},"1":{"name":"(anonymous_1)","decl":{"start":{"line":27,"column":37},"end":{"line":27,"column":38}},"loc":{"start":{"line":27,"column":55},"end":{"line":31,"column":1}},"line":27},"2":{"name":"(anonymous_2)","decl":{"start":{"line":33,"column":34},"end":{"line":33,"column":35}},"loc":{"start":{"line":33,"column":59},"end":{"line":37,"column":1}},"line":33},"3":{"name":"(anonymous_3)","decl":{"start":{"line":39,"column":37},"end":{"line":39,"column":38}},"loc":{"start":{"line":39,"column":70},"end":{"line":42,"column":1}},"line":39},"4":{"name":"(anonymous_4)","decl":{"start":{"line":45,"column":39},"end":{"line":45,"column":40}},"loc":{"start":{"line":45,"column":89},"end":{"line":65,"column":1}},"line":45}},"branchMap":{"0":{"loc":{"start":{"line":29,"column":4},"end":{"line":29,"column":32}},"type":"if","locations":[{"start":{"line":29,"column":4},"end":{"line":29,"column":32}},{"start":{},"end":{}}],"line":29},"1":{"loc":{"start":{"line":35,"column":4},"end":{"line":35,"column":33}},"type":"if","locations":[{"start":{"line":35,"column":4},"end":{"line":35,"column":33}},{"start":{},"end":{}}],"line":35},"2":{"loc":{"start":{"line":63,"column":4},"end":{"line":63,"column":40}},"type":"if","locations":[{"start":{"line":63,"column":4},"end":{"line":63,"column":40}},{"start":{},"end":{}}],"line":63}},"s":{"0":0,"1":0,"2":0,"3":0,"4":0,"5":0,"6":0,"7":0,"8":0,"9":0,"10":0,"11":0,"12":0,"13":0,"14":0,"15":0,"16":0,"17":0,"18":0,"19":0,"20":0},"f":{"0":0,"1":0,"2":0,"3":0,"4":0},"b":{"0":[0,0],"1":[0,0],"2":[0,0]}}
,"/home/coder/projects/expensetracker/backend/src/utils/appError.js": {"path":"/home/coder/projects/expensetracker/backend/src/utils/appError.js","statementMap":{"0":{"start":{"line":17,"column":8},"end":{"line":17,"column":23}},"1":{"start":{"line":18,"column":8},"end":{"line":18,"column":37}},"2":{"start":{"line":19,"column":8},"end":{"line":19,"column":72}},"3":{"start":{"line":20,"column":8},"end":{"line":20,"column":34}},"4":{"start":{"line":21,"column":8},"end":{"line":21,"column":29}},"5":{"start":{"line":23,"column":8},"end":{"line":23,"column":56}}},"fnMap":{"0":{"name":"(anonymous_0)","decl":{"start":{"line":16,"column":4},"end":{"line":16,"column":5}},"loc":{"start":{"line":16,"column":51},"end":{"line":24,"column":5}},"line":16}},"branchMap":{"0":{"loc":{"start":{"line":16,"column":37},"end":{"line":16,"column":50}},"type":"default-arg","locations":[{"start":{"line":16,"column":46},"end":{"line":16,"column":50}}],"line":16},"1":{"loc":{"start":{"line":19,"column":22},"end":{"line":19,"column":71}},"type":"cond-expr","locations":[{"start":{"line":19,"column":55},"end":{"line":19,"column":61}},{"start":{"line":19,"column":64},"end":{"line":19,"column":71}}],"line":19}},"s":{"0":34,"1":34,"2":34,"3":34,"4":34,"5":34},"f":{"0":34},"b":{"0":[30],"1":[20,14]},"_coverageSchema":"1a1c01bbd47fc00a2c39e90264f33305004495a9","hash":"0b38661a6ec02480397482433e39746bd8b495b6"}
,"/home/coder/projects/expensetracker/backend/src/utils/catchAsync.js": {"path":"/home/coder/projects/expensetracker/backend/src/utils/catchAsync.js","statementMap":{"0":{"start":{"line":7,"column":19},"end":{"line":11,"column":1}},"1":{"start":{"line":8,"column":4},"end":{"line":10,"column":6}},"2":{"start":{"line":9,"column":8},"end":{"line":9,"column":48}}},"fnMap":{"0":{"name":"(anonymous_0)","decl":{"start":{"line":7,"column":19},"end":{"line":7,"column":20}},"loc":{"start":{"line":7,"column":27},"end":{"line":11,"column":1}},"line":7},"1":{"name":"(anonymous_1)","decl":{"start":{"line":8,"column":11},"end":{"line":8,"column":12}},"loc":{"start":{"line":8,"column":40},"end":{"line":10,"column":5}},"line":8}},"branchMap":{},"s":{"0":1,"1":8,"2":7},"f":{"0":8,"1":7},"b":{},"_coverageSchema":"1a1c01bbd47fc00a2c39e90264f33305004495a9","hash":"415b4886ad6115e0d99d2452baff3cc166527fc8"}
,"/home/coder/projects/expensetracker/backend/src/utils/helpers.js": {"path":"/home/coder/projects/expensetracker/backend/src/utils/helpers.js","statementMap":{"0":{"start":{"line":9,"column":30},"end":{"line":18,"column":1}},"1":{"start":{"line":10,"column":24},"end":{"line":14,"column":5}},"2":{"start":{"line":16,"column":25},"end":{"line":16,"column":63}},"3":{"start":{"line":17,"column":4},"end":{"line":17,"column":38}},"4":{"start":{"line":21,"column":28},"end":{"line":24,"column":1}},"5":{"start":{"line":22,"column":23},"end":{"line":22,"column":41}},"6":{"start":{"line":23,"column":4},"end":{"line":23,"column":36}},"7":{"start":{"line":27,"column":25},"end":{"line":33,"column":1}},"8":{"start":{"line":28,"column":4},"end":{"line":28,"column":73}},"9":{"start":{"line":28,"column":53},"end":{"line":28,"column":73}},"10":{"start":{"line":30,"column":28},"end":{"line":30,"column":51}},"11":{"start":{"line":31,"column":4},"end":{"line":31,"column":57}},"12":{"start":{"line":31,"column":26},"end":{"line":31,"column":57}},"13":{"start":{"line":32,"column":4},"end":{"line":32,"column":65}},"14":{"start":{"line":36,"column":28},"end":{"line":41,"column":1}},"15":{"start":{"line":37,"column":26},"end":{"line":37,"column":97}},"16":{"start":{"line":38,"column":23},"end":{"line":38,"column":45}},"17":{"start":{"line":39,"column":17},"end":{"line":39,"column":68}},"18":{"start":{"line":40,"column":4},"end":{"line":40,"column":16}},"19":{"start":{"line":44,"column":25},"end":{"line":54,"column":1}},"20":{"start":{"line":45,"column":4},"end":{"line":45,"column":38}},"21":{"start":{"line":45,"column":20},"end":{"line":45,"column":38}},"22":{"start":{"line":47,"column":17},"end":{"line":47,"column":37}},"23":{"start":{"line":49,"column":4},"end":{"line":51,"column":5}},"24":{"start":{"line":50,"column":8},"end":{"line":50,"column":75}},"25":{"start":{"line":53,"column":4},"end":{"line":53,"column":16}}},"fnMap":{"0":{"name":"(anonymous_0)","decl":{"start":{"line":9,"column":30},"end":{"line":9,"column":31}},"loc":{"start":{"line":9,"column":49},"end":{"line":18,"column":1}},"line":9},"1":{"name":"(anonymous_1)","decl":{"start":{"line":21,"column":28},"end":{"line":21,"column":29}},"loc":{"start":{"line":21,"column":37},"end":{"line":24,"column":1}},"line":21},"2":{"name":"(anonymous_2)","decl":{"start":{"line":27,"column":25},"end":{"line":27,"column":26}},"loc":{"start":{"line":27,"column":43},"end":{"line":33,"column":1}},"line":27},"3":{"name":"(anonymous_3)","decl":{"start":{"line":36,"column":28},"end":{"line":36,"column":29}},"loc":{"start":{"line":36,"column":41},"end":{"line":41,"column":1}},"line":36},"4":{"name":"(anonymous_4)","decl":{"start":{"line":44,"column":25},"end":{"line":44,"column":26}},"loc":{"start":{"line":44,"column":41},"end":{"line":54,"column":1}},"line":44}},"branchMap":{"0":{"loc":{"start":{"line":28,"column":4},"end":{"line":28,"column":73}},"type":"if","locations":[{"start":{"line":28,"column":4},"end":{"line":28,"column":73}},{"start":{},"end":{}}],"line":28},"1":{"loc":{"start":{"line":28,"column":7},"end":{"line":28,"column":51}},"type":"binary-expr","locations":[{"start":{"line":28,"column":7},"end":{"line":28,"column":20}},{"start":{"line":28,"column":24},"end":{"line":28,"column":51}}],"line":28},"2":{"loc":{"start":{"line":31,"column":4},"end":{"line":31,"column":57}},"type":"if","locations":[{"start":{"line":31,"column":4},"end":{"line":31,"column":57}},{"start":{},"end":{}}],"line":31},"3":{"loc":{"start":{"line":37,"column":26},"end":{"line":37,"column":97}},"type":"binary-expr","locations":[{"start":{"line":37,"column":26},"end":{"line":37,"column":75}},{"start":{"line":37,"column":79},"end":{"line":37,"column":97}}],"line":37},"4":{"loc":{"start":{"line":39,"column":17},"end":{"line":39,"column":68}},"type":"binary-expr","locations":[{"start":{"line":39,"column":17},"end":{"line":39,"column":27}},{"start":{"line":39,"column":31},"end":{"line":39,"column":44}},{"start":{"line":39,"column":48},"end":{"line":39,"column":68}}],"line":39},"5":{"loc":{"start":{"line":45,"column":4},"end":{"line":45,"column":38}},"type":"if","locations":[{"start":{"line":45,"column":4},"end":{"line":45,"column":38}},{"start":{},"end":{}}],"line":45},"6":{"loc":{"start":{"line":49,"column":4},"end":{"line":51,"column":5}},"type":"if","locations":[{"start":{"line":49,"column":4},"end":{"line":51,"column":5}},{"start":{},"end":{}}],"line":49}},"s":{"0":4,"1":7,"2":7,"3":7,"4":4,"5":7,"6":7,"7":4,"8":0,"9":0,"10":0,"11":0,"12":0,"13":0,"14":4,"15":6,"16":6,"17":6,"18":6,"19":4,"20":0,"21":0,"22":0,"23":0,"24":0,"25":0},"f":{"0":7,"1":7,"2":0,"3":6,"4":0},"b":{"0":[0,0],"1":[0,0],"2":[0,0],"3":[6,1],"4":[6,6,0],"5":[0,0],"6":[0,0]},"_coverageSchema":"1a1c01bbd47fc00a2c39e90264f33305004495a9","hash":"3152482b78dadbc9ff84d282b67c5419e7a98215"}
,"/home/coder/projects/expensetracker/backend/src/validations/auth.validation.js": {"path":"/home/coder/projects/expensetracker/backend/src/validations/auth.validation.js","statementMap":{"0":{"start":{"line":4,"column":30},"end":{"line":10,"column":2}},"1":{"start":{"line":12,"column":27},"end":{"line":15,"column":2}},"2":{"start":{"line":18,"column":29},"end":{"line":20,"column":2}},"3":{"start":{"line":23,"column":39},"end":{"line":25,"column":2}},"4":{"start":{"line":27,"column":40},"end":{"line":30,"column":2}},"5":{"start":{"line":32,"column":39},"end":{"line":34,"column":2}},"6":{"start":{"line":37,"column":36},"end":{"line":39,"column":2}},"7":{"start":{"line":42,"column":36},"end":{"line":46,"column":2}}},"fnMap":{},"branchMap":{},"s":{"0":1,"1":1,"2":1,"3":1,"4":1,"5":1,"6":1,"7":1},"f":{},"b":{},"_coverageSchema":"1a1c01bbd47fc00a2c39e90264f33305004495a9","hash":"25bb91f2de5c7bbfd2c9c17618eae5de4a6acfcd"}
,"/home/coder/projects/expensetracker/backend/src/validations/budget.validation.js": {"path":"/home/coder/projects/expensetracker/backend/src/validations/budget.validation.js","statementMap":{"0":{"start":{"line":3,"column":34},"end":{"line":10,"column":2}},"1":{"start":{"line":12,"column":34},"end":{"line":18,"column":9}},"2":{"start":{"line":21,"column":30},"end":{"line":23,"column":2}},"3":{"start":{"line":26,"column":36},"end":{"line":30,"column":2}},"4":{"start":{"line":32,"column":36},"end":{"line":35,"column":9}},"5":{"start":{"line":37,"column":32},"end":{"line":39,"column":2}}},"fnMap":{},"branchMap":{},"s":{"0":0,"1":0,"2":0,"3":0,"4":0,"5":0},"f":{},"b":{}}
,"/home/coder/projects/expensetracker/backend/src/validations/common.validation.js": {"path":"/home/coder/projects/expensetracker/backend/src/validations/common.validation.js","statementMap":{"0":{"start":{"line":3,"column":18},"end":{"line":3,"column":52}},"1":{"start":{"line":3,"column":24},"end":{"line":3,"column":52}},"2":{"start":{"line":4,"column":21},"end":{"line":4,"column":58}},"3":{"start":{"line":4,"column":27},"end":{"line":4,"column":58}},"4":{"start":{"line":5,"column":24},"end":{"line":5,"column":89}},"5":{"start":{"line":5,"column":48},"end":{"line":5,"column":89}},"6":{"start":{"line":6,"column":24},"end":{"line":6,"column":95}},"7":{"start":{"line":6,"column":43},"end":{"line":6,"column":95}},"8":{"start":{"line":7,"column":20},"end":{"line":7,"column":73}},"9":{"start":{"line":7,"column":43},"end":{"line":7,"column":73}},"10":{"start":{"line":8,"column":21},"end":{"line":8,"column":50}},"11":{"start":{"line":8,"column":27},"end":{"line":8,"column":50}}},"fnMap":{"0":{"name":"(anonymous_0)","decl":{"start":{"line":3,"column":18},"end":{"line":3,"column":19}},"loc":{"start":{"line":3,"column":24},"end":{"line":3,"column":52}},"line":3},"1":{"name":"(anonymous_1)","decl":{"start":{"line":4,"column":21},"end":{"line":4,"column":22}},"loc":{"start":{"line":4,"column":27},"end":{"line":4,"column":58}},"line":4},"2":{"name":"(anonymous_2)","decl":{"start":{"line":5,"column":24},"end":{"line":5,"column":25}},"loc":{"start":{"line":5,"column":48},"end":{"line":5,"column":89}},"line":5},"3":{"name":"(anonymous_3)","decl":{"start":{"line":6,"column":24},"end":{"line":6,"column":25}},"loc":{"start":{"line":6,"column":43},"end":{"line":6,"column":95}},"line":6},"4":{"name":"(anonymous_4)","decl":{"start":{"line":7,"column":20},"end":{"line":7,"column":21}},"loc":{"start":{"line":7,"column":43},"end":{"line":7,"column":73}},"line":7},"5":{"name":"(anonymous_5)","decl":{"start":{"line":8,"column":21},"end":{"line":8,"column":22}},"loc":{"start":{"line":8,"column":27},"end":{"line":8,"column":50}},"line":8}},"branchMap":{"0":{"loc":{"start":{"line":5,"column":25},"end":{"line":5,"column":32}},"type":"default-arg","locations":[{"start":{"line":5,"column":31},"end":{"line":5,"column":32}}],"line":5},"1":{"loc":{"start":{"line":5,"column":34},"end":{"line":5,"column":43}},"type":"default-arg","locations":[{"start":{"line":5,"column":40},"end":{"line":5,"column":43}}],"line":5},"2":{"loc":{"start":{"line":6,"column":25},"end":{"line":6,"column":38}},"type":"default-arg","locations":[{"start":{"line":6,"column":37},"end":{"line":6,"column":38}}],"line":6},"3":{"loc":{"start":{"line":7,"column":21},"end":{"line":7,"column":28}},"type":"default-arg","locations":[{"start":{"line":7,"column":27},"end":{"line":7,"column":28}}],"line":7},"4":{"loc":{"start":{"line":7,"column":30},"end":{"line":7,"column":38}},"type":"default-arg","locations":[{"start":{"line":7,"column":36},"end":{"line":7,"column":38}}],"line":7}},"s":{"0":1,"1":0,"2":1,"3":6,"4":1,"5":3,"6":1,"7":2,"8":1,"9":3,"10":1,"11":2},"f":{"0":0,"1":6,"2":3,"3":2,"4":3,"5":2},"b":{"0":[1],"1":[1],"2":[0],"3":[2],"4":[2]},"_coverageSchema":"1a1c01bbd47fc00a2c39e90264f33305004495a9","hash":"05a72f155ced9195264376528bd31c55d077ea1c"}
,"/home/coder/projects/expensetracker/backend/src/validations/general.validation.js": {"path":"/home/coder/projects/expensetracker/backend/src/validations/general.validation.js","statementMap":{"0":{"start":{"line":4,"column":26},"end":{"line":6,"column":2}}},"fnMap":{},"branchMap":{},"s":{"0":2},"f":{},"b":{},"_coverageSchema":"1a1c01bbd47fc00a2c39e90264f33305004495a9","hash":"9d2eeac30f82af80fb92bb15f6d54533cb5bbc52"}
,"/home/coder/projects/expensetracker/backend/src/validations/transaction.validation.js": {"path":"/home/coder/projects/expensetracker/backend/src/validations/transaction.validation.js","statementMap":{"0":{"start":{"line":15,"column":39},"end":{"line":23,"column":2}},"1":{"start":{"line":39,"column":39},"end":{"line":47,"column":2}},"2":{"start":{"line":60,"column":32},"end":{"line":62,"column":2}},"3":{"start":{"line":65,"column":35},"end":{"line":67,"column":2}}},"fnMap":{},"branchMap":{},"s":{"0":1,"1":1,"2":1,"3":1},"f":{},"b":{},"_coverageSchema":"1a1c01bbd47fc00a2c39e90264f33305004495a9","hash":"d969ed59065c0a07bf3b1437431b1ed118e30e49"}
}
