TN:
SF:src/app.js
FNF:0
FNH:0
DA:29,0
DA:33,0
DA:34,0
DA:35,0
DA:36,0
DA:37,0
DA:38,0
DA:39,0
DA:42,0
DA:43,0
DA:46,0
DA:56,0
DA:57,0
DA:58,0
DA:61,0
DA:64,0
LF:16
LH:0
BRF:0
BRH:0
end_of_record
TN:
SF:src/server.js
FN:38,(anonymous_0)
FN:42,(anonymous_1)
FN:50,(anonymous_2)
FN:51,(anonymous_3)
FN:71,(anonymous_4)
FN:75,(anonymous_5)
FNF:6
FNH:0
FNDA:0,(anonymous_0)
FNDA:0,(anonymous_1)
FNDA:0,(anonymous_2)
FNDA:0,(anonymous_3)
FNDA:0,(anonymous_4)
FNDA:0,(anonymous_5)
DA:38,0
DA:39,0
DA:40,0
DA:41,0
DA:42,0
DA:43,0
DA:44,0
DA:45,0
DA:50,0
DA:51,0
DA:71,0
DA:72,0
DA:73,0
DA:74,0
DA:75,0
DA:76,0
DA:82,0
DA:84,0
DA:85,0
DA:86,0
DA:87,0
DA:91,0
DA:92,0
DA:93,0
DA:98,0
LF:25
LH:0
BRF:0
BRH:0
end_of_record
TN:
SF:src/controllers/auth.controller.js
FN:35,(anonymous_0)
FN:54,(anonymous_1)
FN:68,(anonymous_2)
FN:88,(anonymous_3)
FN:100,(anonymous_4)
FN:118,(anonymous_5)
FN:129,(anonymous_6)
FN:179,(anonymous_7)
FN:201,(anonymous_8)
FN:222,(anonymous_9)
FN:231,(anonymous_10)
FN:236,(anonymous_11)
FN:246,(anonymous_12)
FN:271,(anonymous_13)
FNF:14
FNH:0
FNDA:0,(anonymous_0)
FNDA:0,(anonymous_1)
FNDA:0,(anonymous_2)
FNDA:0,(anonymous_3)
FNDA:0,(anonymous_4)
FNDA:0,(anonymous_5)
FNDA:0,(anonymous_6)
FNDA:0,(anonymous_7)
FNDA:0,(anonymous_8)
FNDA:0,(anonymous_9)
FNDA:0,(anonymous_10)
FNDA:0,(anonymous_11)
FNDA:0,(anonymous_12)
FNDA:0,(anonymous_13)
DA:35,0
DA:37,0
DA:38,0
DA:40,0
DA:41,0
DA:43,0
DA:44,0
DA:51,0
DA:52,0
DA:54,0
DA:55,0
DA:56,0
DA:58,0
DA:68,0
DA:70,0
DA:71,0
DA:73,0
DA:74,0
DA:75,0
DA:78,0
DA:79,0
DA:80,0
DA:81,0
DA:85,0
DA:87,0
DA:88,0
DA:90,0
DA:100,0
DA:101,0
DA:102,0
DA:104,0
DA:105,0
DA:106,0
DA:109,0
DA:110,0
DA:111,0
DA:114,0
DA:115,0
DA:117,0
DA:118,0
DA:120,0
DA:129,0
DA:131,0
DA:132,0
DA:133,0
DA:134,0
DA:135,0
DA:137,0
DA:138,0
DA:139,0
DA:140,0
DA:143,0
DA:144,0
DA:145,0
DA:146,0
DA:147,0
DA:150,0
DA:151,0
DA:152,0
DA:153,0
DA:157,0
DA:159,0
DA:160,0
DA:161,0
DA:162,0
DA:164,0
DA:166,0
DA:179,0
DA:180,0
DA:181,0
DA:182,0
DA:183,0
DA:185,0
DA:186,0
DA:187,0
DA:190,0
DA:192,0
DA:201,0
DA:203,0
DA:204,0
DA:205,0
DA:207,0
DA:208,0
DA:209,0
DA:210,0
DA:213,0
DA:222,0
DA:223,0
DA:224,0
DA:226,0
DA:227,0
DA:228,0
DA:231,0
DA:232,0
DA:233,0
DA:235,0
DA:236,0
DA:238,0
DA:246,0
DA:248,0
DA:249,0
DA:251,0
DA:252,0
DA:253,0
DA:256,0
DA:258,0
DA:259,0
DA:261,0
DA:263,0
DA:271,0
DA:273,0
DA:275,0
DA:276,0
DA:279,0
DA:281,0
DA:282,0
DA:283,0
DA:286,0
DA:287,0
DA:288,0
DA:289,0
DA:293,0
DA:295,0
DA:297,0
DA:299,0
DA:304,0
LF:126
LH:0
BRDA:38,0,0,0
BRDA:38,0,1,0
BRDA:73,1,0,0
BRDA:73,1,1,0
BRDA:78,2,0,0
BRDA:78,2,1,0
BRDA:104,3,0,0
BRDA:104,3,1,0
BRDA:109,4,0,0
BRDA:109,4,1,0
BRDA:109,5,0,0
BRDA:109,5,1,0
BRDA:137,6,0,0
BRDA:137,6,1,0
BRDA:144,7,0,0
BRDA:144,7,1,0
BRDA:150,8,0,0
BRDA:150,8,1,0
BRDA:183,9,0,0
BRDA:183,9,1,0
BRDA:185,10,0,0
BRDA:185,10,1,0
BRDA:205,11,0,0
BRDA:205,11,1,0
BRDA:208,12,0,0
BRDA:208,12,1,0
BRDA:226,13,0,0
BRDA:226,13,1,0
BRDA:251,14,0,0
BRDA:251,14,1,0
BRDA:258,15,0,0
BRDA:258,15,1,0
BRDA:275,16,0,0
BRDA:275,16,1,0
BRDA:281,17,0,0
BRDA:281,17,1,0
BRDA:281,18,0,0
BRDA:281,18,1,0
BRDA:286,19,0,0
BRDA:286,19,1,0
BRF:40
BRH:0
end_of_record
TN:
SF:src/controllers/budget.controller.js
FN:10,(anonymous_0)
FN:27,(anonymous_1)
FN:44,(anonymous_2)
FN:79,(anonymous_3)
FN:111,(anonymous_4)
FNF:5
FNH:0
FNDA:0,(anonymous_0)
FNDA:0,(anonymous_1)
FNDA:0,(anonymous_2)
FNDA:0,(anonymous_3)
FNDA:0,(anonymous_4)
DA:10,0
DA:11,0
DA:12,0
DA:15,0
DA:16,0
DA:18,0
DA:27,0
DA:28,0
DA:29,0
DA:30,0
DA:31,0
DA:32,0
DA:33,0
DA:35,0
DA:44,0
DA:45,0
DA:46,0
DA:48,0
DA:49,0
DA:50,0
DA:54,0
DA:57,0
DA:67,0
DA:69,0
DA:79,0
DA:80,0
DA:81,0
DA:82,0
DA:84,0
DA:86,0
DA:87,0
DA:88,0
DA:91,0
DA:100,0
DA:102,0
DA:111,0
DA:112,0
DA:113,0
DA:115,0
DA:117,0
DA:118,0
DA:119,0
DA:122,0
DA:124,0
LF:44
LH:0
BRDA:31,0,0,0
BRDA:31,0,1,0
BRDA:45,1,0,0
BRDA:45,2,0,0
BRDA:49,3,0,0
BRDA:49,3,1,0
BRDA:60,4,0,0
BRDA:60,4,1,0
BRDA:61,5,0,0
BRDA:61,5,1,0
BRDA:86,6,0,0
BRDA:86,6,1,0
BRDA:92,7,0,0
BRDA:92,7,1,0
BRDA:93,8,0,0
BRDA:93,8,1,0
BRDA:94,9,0,0
BRDA:94,9,1,0
BRDA:95,10,0,0
BRDA:95,10,1,0
BRDA:96,11,0,0
BRDA:96,11,1,0
BRDA:97,12,0,0
BRDA:97,12,1,0
BRDA:117,13,0,0
BRDA:117,13,1,0
BRF:26
BRH:0
end_of_record
TN:
SF:src/controllers/category.controller.js
FN:21,(anonymous_0)
FN:33,(anonymous_1)
FN:52,(anonymous_2)
FN:80,(anonymous_3)
FN:117,(anonymous_4)
FNF:5
FNH:0
FNDA:0,(anonymous_0)
FNDA:0,(anonymous_1)
FNDA:0,(anonymous_2)
FNDA:0,(anonymous_3)
FNDA:0,(anonymous_4)
DA:21,0
DA:22,0
DA:24,0
DA:25,0
DA:33,0
DA:34,0
DA:35,0
DA:37,0
DA:39,0
DA:40,0
DA:41,0
DA:44,0
DA:52,0
DA:53,0
DA:54,0
DA:55,0
DA:57,0
DA:59,0
DA:60,0
DA:61,0
DA:64,0
DA:70,0
DA:72,0
DA:80,0
DA:81,0
DA:82,0
DA:83,0
DA:85,0
DA:87,0
DA:88,0
DA:89,0
DA:93,0
DA:94,0
DA:95,0
DA:96,0
DA:97,0
DA:101,0
DA:106,0
DA:109,0
DA:117,0
DA:118,0
DA:119,0
DA:121,0
DA:123,0
DA:124,0
DA:125,0
DA:128,0
DA:129,0
DA:131,0
DA:132,0
DA:137,0
DA:140,0
DA:142,0
LF:53
LH:0
BRDA:39,0,0,0
BRDA:39,0,1,0
BRDA:59,1,0,0
BRDA:59,1,1,0
BRDA:66,2,0,0
BRDA:66,2,1,0
BRDA:87,3,0,0
BRDA:87,3,1,0
BRDA:93,4,0,0
BRDA:93,4,1,0
BRDA:93,5,0,0
BRDA:93,5,1,0
BRDA:95,6,0,0
BRDA:95,6,1,0
BRDA:102,7,0,0
BRDA:102,7,1,0
BRDA:103,8,0,0
BRDA:103,8,1,0
BRDA:123,9,0,0
BRDA:123,9,1,0
BRDA:131,10,0,0
BRDA:131,10,1,0
BRDA:131,11,0,0
BRDA:131,11,1,0
BRF:24
BRH:0
end_of_record
TN:
SF:src/controllers/transaction.controller.js
FN:13,(anonymous_0)
FN:26,(anonymous_1)
FN:41,(anonymous_2)
FN:70,(anonymous_3)
FN:83,(anonymous_4)
FNF:5
FNH:0
FNDA:0,(anonymous_0)
FNDA:0,(anonymous_1)
FNDA:0,(anonymous_2)
FNDA:0,(anonymous_3)
FNDA:0,(anonymous_4)
DA:13,0
DA:14,0
DA:15,0
DA:16,0
DA:26,0
DA:27,0
DA:29,0
DA:30,0
DA:41,0
DA:43,0
DA:45,0
DA:56,0
DA:58,0
DA:70,0
DA:71,0
DA:72,0
DA:73,0
DA:74,0
DA:83,0
DA:84,0
DA:85,0
DA:86,0
DA:88,0
DA:98,0
DA:99,0
DA:102,0
LF:26
LH:0
BRDA:51,0,0,0
BRDA:51,0,1,0
BRDA:52,1,0,0
BRDA:52,1,1,0
BRDA:89,2,0,0
BRDA:89,2,1,0
BRDA:90,3,0,0
BRDA:90,3,1,0
BRDA:91,4,0,0
BRDA:91,4,1,0
BRDA:92,5,0,0
BRDA:92,5,1,0
BRDA:93,6,0,0
BRDA:93,6,1,0
BRDA:94,7,0,0
BRDA:94,7,1,0
BRDA:95,8,0,0
BRDA:95,8,1,0
BRDA:99,9,0,0
BRDA:99,9,1,0
BRF:20
BRH:0
end_of_record
TN:
SF:src/controllers/user.controller.js
FN:6,(anonymous_0)
FN:27,(anonymous_1)
FN:50,(anonymous_2)
FNF:3
FNH:0
FNDA:0,(anonymous_0)
FNDA:0,(anonymous_1)
FNDA:0,(anonymous_2)
DA:6,0
DA:8,0
DA:9,0
DA:11,0
DA:12,0
DA:13,0
DA:16,0
DA:27,0
DA:28,0
DA:29,0
DA:30,0
DA:32,0
DA:34,0
DA:36,0
DA:50,0
LF:15
LH:0
BRDA:11,0,0,0
BRDA:11,0,1,0
BRDA:40,1,0,0
BRDA:40,1,1,0
BRDA:40,2,0,0
BRDA:40,2,1,0
BRDA:41,3,0,0
BRDA:41,3,1,0
BRDA:42,4,0,0
BRDA:42,4,1,0
BRF:10
BRH:0
end_of_record
TN:
SF:src/messaging/email.templates.js
FN:35,(anonymous_0)
FN:51,(anonymous_1)
FN:68,(anonymous_2)
FN:72,(anonymous_3)
FN:91,(anonymous_4)
FN:98,(anonymous_5)
FN:111,(anonymous_6)
FN:122,(anonymous_7)
FN:140,(anonymous_8)
FN:166,(anonymous_9)
FNF:10
FNH:0
FNDA:0,(anonymous_0)
FNDA:0,(anonymous_1)
FNDA:0,(anonymous_2)
FNDA:0,(anonymous_3)
FNDA:0,(anonymous_4)
FNDA:0,(anonymous_5)
FNDA:0,(anonymous_6)
FNDA:0,(anonymous_7)
FNDA:0,(anonymous_8)
FNDA:0,(anonymous_9)
DA:24,0
DA:36,0
DA:37,0
DA:38,0
DA:39,0
DA:52,0
DA:56,0
DA:69,0
DA:70,0
DA:72,0
DA:73,0
DA:74,0
DA:75,0
DA:98,0
DA:99,0
DA:100,0
DA:101,0
DA:111,0
DA:112,0
DA:122,0
DA:123,0
DA:140,0
DA:141,0
DA:168,0
DA:171,0
DA:172,0
DA:176,0
DA:179,0
DA:181,0
DA:203,0
LF:30
LH:0
BRDA:100,0,0,0
BRDA:100,0,1,0
BRDA:141,1,0,0
BRDA:141,1,1,0
BRDA:166,2,0,0
BRDA:171,3,0,0
BRDA:171,3,1,0
BRF:7
BRH:0
end_of_record
TN:
SF:src/middleware/auth.middleware.js
FN:8,(anonymous_0)
FNF:1
FNH:0
FNDA:0,(anonymous_0)
DA:8,0
DA:9,0
DA:11,0
DA:12,0
DA:13,0
DA:16,0
DA:19,0
DA:21,0
DA:23,0
DA:24,0
DA:27,0
DA:28,0
DA:31,0
DA:32,0
DA:34,0
LF:15
LH:0
BRDA:12,0,0,0
BRDA:12,0,1,0
BRDA:12,1,0,0
BRDA:12,1,1,0
BRDA:23,2,0,0
BRDA:23,2,1,0
BRDA:23,3,0,0
BRDA:23,3,1,0
BRDA:31,4,0,0
BRDA:31,4,1,0
BRDA:31,5,0,0
BRDA:31,5,1,0
BRF:12
BRH:0
end_of_record
TN:
SF:src/middleware/error.middleware.js
FN:45,(anonymous_0)
FN:114,(anonymous_1)
FNF:2
FNH:2
FNDA:8,(anonymous_0)
FNDA:1,(anonymous_1)
DA:45,1
DA:47,8
DA:54,8
DA:56,8
DA:65,8
DA:66,1
DA:70,8
DA:71,1
DA:72,1
DA:76,8
DA:77,1
DA:81,8
DA:82,1
DA:85,8
DA:86,8
DA:88,8
DA:114,1
DA:115,1
LF:18
LH:18
BRDA:47,0,0,4
BRDA:47,0,1,4
BRDA:50,1,0,4
BRDA:50,1,1,0
BRDA:50,1,2,0
BRDA:51,2,0,4
BRDA:51,2,1,4
BRDA:65,3,0,1
BRDA:65,3,1,7
BRDA:70,4,0,1
BRDA:70,4,1,7
BRDA:71,5,0,1
BRDA:71,5,1,0
BRDA:76,6,0,1
BRDA:76,6,1,7
BRDA:81,7,0,1
BRDA:81,7,1,7
BRDA:85,8,0,8
BRDA:85,8,1,4
BRDA:86,9,0,8
BRDA:86,9,1,1
BRDA:93,10,0,1
BRDA:93,10,1,7
BRF:23
BRH:20
end_of_record
TN:
SF:src/middleware/lang.middleware.js
FN:9,(anonymous_0)
FNF:1
FNH:1
FNDA:6,(anonymous_0)
DA:9,1
DA:11,6
DA:13,6
DA:14,6
DA:15,1
DA:19,5
DA:20,5
DA:22,5
LF:8
LH:8
BRDA:14,0,0,1
BRDA:14,0,1,5
BRDA:19,1,0,5
BRDA:19,1,1,0
BRDA:19,2,0,5
BRDA:19,2,1,5
BRF:6
BRH:5
end_of_record
TN:
SF:src/middleware/validation.middleware.js
FN:25,(anonymous_0)
FN:26,(anonymous_1)
FN:33,(anonymous_2)
FN:68,(anonymous_3)
FN:69,(anonymous_4)
FN:76,(anonymous_5)
FN:110,(anonymous_6)
FN:111,(anonymous_7)
FN:117,(anonymous_8)
FNF:9
FNH:9
FNDA:4,(anonymous_0)
FNDA:4,(anonymous_1)
FNDA:2,(anonymous_2)
FNDA:4,(anonymous_3)
FNDA:4,(anonymous_4)
FNDA:1,(anonymous_5)
FNDA:4,(anonymous_6)
FNDA:4,(anonymous_7)
FNDA:1,(anonymous_8)
DA:25,1
DA:26,4
DA:27,4
DA:32,4
DA:33,2
DA:38,1
DA:41,3
DA:42,3
DA:68,1
DA:69,4
DA:70,4
DA:75,4
DA:76,1
DA:80,1
DA:83,3
DA:84,3
DA:110,1
DA:111,4
DA:112,4
DA:116,4
DA:117,1
DA:121,1
DA:124,3
DA:125,3
LF:24
LH:24
BRDA:32,0,0,1
BRDA:32,0,1,3
BRDA:75,1,0,1
BRDA:75,1,1,3
BRDA:116,2,0,1
BRDA:116,2,1,3
BRF:6
BRH:6
end_of_record
TN:
SF:src/services/auth.service.js
FN:8,(anonymous_0)
FN:17,(anonymous_1)
FN:53,(anonymous_2)
FN:66,(anonymous_3)
FN:75,(anonymous_4)
FN:79,(anonymous_5)
FN:100,(anonymous_6)
FN:110,(anonymous_7)
FN:117,(anonymous_8)
FN:121,(anonymous_9)
FN:123,(anonymous_10)
FN:135,(anonymous_11)
FN:137,(anonymous_12)
FN:153,(anonymous_13)
FN:164,(anonymous_14)
FN:181,(anonymous_15)
FN:208,(anonymous_16)
FN:224,(anonymous_17)
FN:236,(anonymous_18)
FN:241,(anonymous_19)
FN:259,(anonymous_20)
FN:267,(anonymous_21)
FN:281,(anonymous_22)
FN:293,(anonymous_23)
FN:303,(anonymous_24)
FN:304,(anonymous_25)
FN:307,(anonymous_26)
FNF:27
FNH:0
FNDA:0,(anonymous_0)
FNDA:0,(anonymous_1)
FNDA:0,(anonymous_2)
FNDA:0,(anonymous_3)
FNDA:0,(anonymous_4)
FNDA:0,(anonymous_5)
FNDA:0,(anonymous_6)
FNDA:0,(anonymous_7)
FNDA:0,(anonymous_8)
FNDA:0,(anonymous_9)
FNDA:0,(anonymous_10)
FNDA:0,(anonymous_11)
FNDA:0,(anonymous_12)
FNDA:0,(anonymous_13)
FNDA:0,(anonymous_14)
FNDA:0,(anonymous_15)
FNDA:0,(anonymous_16)
FNDA:0,(anonymous_17)
FNDA:0,(anonymous_18)
FNDA:0,(anonymous_19)
FNDA:0,(anonymous_20)
FNDA:0,(anonymous_21)
FNDA:0,(anonymous_22)
FNDA:0,(anonymous_23)
FNDA:0,(anonymous_24)
FNDA:0,(anonymous_25)
FNDA:0,(anonymous_26)
DA:8,0
DA:10,0
DA:14,0
DA:17,0
DA:19,0
DA:20,0
DA:21,0
DA:22,0
DA:25,0
DA:27,0
DA:50,0
DA:53,0
DA:55,0
DA:63,0
DA:66,0
DA:67,0
DA:72,0
DA:75,0
DA:76,0
DA:79,0
DA:81,0
DA:91,0
DA:100,0
DA:101,0
DA:110,0
DA:111,0
DA:117,0
DA:118,0
DA:121,0
DA:123,0
DA:124,0
DA:129,0
DA:135,0
DA:137,0
DA:138,0
DA:141,0
DA:149,0
DA:153,0
DA:154,0
DA:164,0
DA:166,0
DA:170,0
DA:172,0
DA:178,0
DA:181,0
DA:182,0
DA:201,0
DA:202,0
DA:205,0
DA:208,0
DA:210,0
DA:218,0
DA:224,0
DA:225,0
DA:233,0
DA:236,0
DA:238,0
DA:239,0
DA:241,0
DA:242,0
DA:249,0
DA:259,0
DA:260,0
DA:267,0
DA:268,0
DA:269,0
DA:281,0
DA:282,0
DA:283,0
DA:285,0
DA:286,0
DA:287,0
DA:289,0
DA:293,0
DA:294,0
DA:295,0
DA:296,0
DA:297,0
DA:300,0
DA:303,0
DA:304,0
DA:307,0
DA:308,0
DA:310,0
DA:311,0
DA:314,0
LF:86
LH:0
BRDA:20,0,0,0
BRDA:20,0,1,0
BRDA:79,1,0,0
BRDA:96,2,0,0
BRDA:96,2,1,0
BRDA:100,3,0,0
BRDA:170,4,0,0
BRDA:170,4,1,0
BRDA:201,5,0,0
BRDA:201,5,1,0
BRDA:220,6,0,0
BRDA:220,6,1,0
BRDA:269,7,0,0
BRDA:269,7,1,0
BRDA:282,8,0,0
BRDA:282,8,1,0
BRDA:282,9,0,0
BRDA:282,9,1,0
BRDA:282,9,2,0
BRDA:286,10,0,0
BRDA:286,10,1,0
BRDA:296,11,0,0
BRDA:296,11,1,0
BRDA:308,12,0,0
BRDA:308,12,1,0
BRDA:310,13,0,0
BRDA:310,13,1,0
BRF:27
BRH:0
end_of_record
TN:
SF:src/services/budget.service.js
FN:4,(anonymous_0)
FN:13,(anonymous_1)
FN:16,(anonymous_2)
FN:66,(anonymous_3)
FN:73,(anonymous_4)
FN:80,(anonymous_5)
FN:90,(anonymous_6)
FN:96,(anonymous_7)
FN:105,(anonymous_8)
FNF:9
FNH:0
FNDA:0,(anonymous_0)
FNDA:0,(anonymous_1)
FNDA:0,(anonymous_2)
FNDA:0,(anonymous_3)
FNDA:0,(anonymous_4)
FNDA:0,(anonymous_5)
FNDA:0,(anonymous_6)
FNDA:0,(anonymous_7)
FNDA:0,(anonymous_8)
DA:4,0
DA:5,0
DA:10,0
DA:13,0
DA:15,0
DA:19,0
DA:20,0
DA:21,0
DA:22,0
DA:23,0
DA:24,0
DA:25,0
DA:26,0
DA:28,0
DA:29,0
DA:31,0
DA:32,0
DA:36,0
DA:37,0
DA:39,0
DA:49,0
DA:50,0
DA:52,0
DA:62,0
DA:66,0
DA:67,0
DA:73,0
DA:74,0
DA:80,0
DA:81,0
DA:90,0
DA:91,0
DA:96,0
DA:97,0
DA:105,0
DA:106,0
LF:36
LH:0
BRDA:19,0,0,0
BRDA:19,0,1,0
BRDA:22,1,0,0
BRDA:22,1,1,0
BRDA:36,2,0,0
BRDA:36,2,1,0
BRDA:37,3,0,0
BRDA:37,3,1,0
BRDA:49,4,0,0
BRDA:49,4,1,0
BRDA:50,5,0,0
BRDA:50,5,1,0
BRF:12
BRH:0
end_of_record
TN:
SF:src/services/category.service.js
FN:4,(anonymous_0)
FN:16,(anonymous_1)
FN:30,(anonymous_2)
FN:36,(anonymous_3)
FN:49,(anonymous_4)
FN:56,(anonymous_5)
FN:70,(anonymous_6)
FN:77,(anonymous_7)
FN:83,(anonymous_8)
FN:95,(anonymous_9)
FNF:10
FNH:0
FNDA:0,(anonymous_0)
FNDA:0,(anonymous_1)
FNDA:0,(anonymous_2)
FNDA:0,(anonymous_3)
FNDA:0,(anonymous_4)
FNDA:0,(anonymous_5)
FNDA:0,(anonymous_6)
FNDA:0,(anonymous_7)
FNDA:0,(anonymous_8)
FNDA:0,(anonymous_9)
DA:4,0
DA:5,0
DA:16,0
DA:17,0
DA:30,0
DA:31,0
DA:36,0
DA:37,0
DA:49,0
DA:51,0
DA:56,0
DA:57,0
DA:70,0
DA:71,0
DA:77,0
DA:78,0
DA:83,0
DA:84,0
DA:95,0
DA:96,0
LF:20
LH:0
BRF:0
BRH:0
end_of_record
TN:
SF:src/services/email.service.js
FN:12,(anonymous_0)
FN:16,(anonymous_1)
FN:23,(anonymous_2)
FN:31,(anonymous_3)
FN:72,(anonymous_4)
FN:90,(anonymous_5)
FN:105,(anonymous_6)
FN:122,(anonymous_7)
FNF:8
FNH:0
FNDA:0,(anonymous_0)
FNDA:0,(anonymous_1)
FNDA:0,(anonymous_2)
FNDA:0,(anonymous_3)
FNDA:0,(anonymous_4)
FNDA:0,(anonymous_5)
FNDA:0,(anonymous_6)
FNDA:0,(anonymous_7)
DA:13,0
DA:17,0
DA:18,0
DA:20,0
DA:24,0
DA:26,0
DA:27,0
DA:28,0
DA:32,0
DA:33,0
DA:34,0
DA:35,0
DA:43,0
DA:45,0
DA:51,0
DA:52,0
DA:53,0
DA:54,0
DA:55,0
DA:59,0
DA:62,0
DA:68,0
DA:74,0
DA:76,0
DA:91,0
DA:93,0
DA:106,0
DA:107,0
DA:123,0
DA:124,0
DA:125,0
DA:142,0
LF:32
LH:0
BRDA:17,0,0,0
BRDA:17,0,1,0
BRDA:24,1,0,0
BRDA:24,1,1,0
BRDA:24,2,0,0
BRDA:24,2,1,0
BRDA:27,3,0,0
BRDA:27,3,1,0
BRDA:31,4,0,0
BRDA:31,5,0,0
BRDA:51,6,0,0
BRDA:51,6,1,0
BRDA:53,7,0,0
BRDA:53,7,1,0
BRDA:74,8,0,0
BRDA:74,8,1,0
BRDA:91,9,0,0
BRDA:91,9,1,0
BRDA:106,10,0,0
BRDA:106,10,1,0
BRDA:123,11,0,0
BRDA:123,11,1,0
BRF:22
BRH:0
end_of_record
TN:
SF:src/services/helper.service.js
FNF:0
FNH:0
LF:0
LH:0
BRF:0
BRH:0
end_of_record
TN:
SF:src/services/profile.service.js
FN:3,(anonymous_0)
FN:30,(anonymous_1)
FN:40,(anonymous_2)
FNF:3
FNH:0
FNDA:0,(anonymous_0)
FNDA:0,(anonymous_1)
FNDA:0,(anonymous_2)
DA:3,0
DA:4,0
DA:5,0
DA:30,0
DA:31,0
DA:40,0
DA:41,0
LF:7
LH:0
BRDA:40,0,0,0
BRF:1
BRH:0
end_of_record
TN:
SF:src/services/transaction.service.js
FN:3,(anonymous_0)
FN:27,(anonymous_1)
FN:33,(anonymous_2)
FN:39,(anonymous_3)
FN:45,(anonymous_4)
FNF:5
FNH:0
FNDA:0,(anonymous_0)
FNDA:0,(anonymous_1)
FNDA:0,(anonymous_2)
FNDA:0,(anonymous_3)
FNDA:0,(anonymous_4)
DA:3,0
DA:5,0
DA:7,0
DA:23,0
DA:27,0
DA:28,0
DA:29,0
DA:30,0
DA:33,0
DA:34,0
DA:35,0
DA:36,0
DA:39,0
DA:41,0
DA:45,0
DA:47,0
DA:63,0
DA:64,0
LF:18
LH:0
BRDA:29,0,0,0
BRDA:29,0,1,0
BRDA:35,1,0,0
BRDA:35,1,1,0
BRDA:63,2,0,0
BRDA:63,2,1,0
BRF:6
BRH:0
end_of_record
TN:
SF:src/utils/appError.js
FN:16,(anonymous_0)
FNF:1
FNH:1
FNDA:34,(anonymous_0)
DA:17,34
DA:18,34
DA:19,34
DA:20,34
DA:21,34
DA:23,34
LF:6
LH:6
BRDA:16,0,0,30
BRDA:19,1,0,20
BRDA:19,1,1,14
BRF:3
BRH:3
end_of_record
TN:
SF:src/utils/catchAsync.js
FN:7,(anonymous_0)
FN:8,(anonymous_1)
FNF:2
FNH:2
FNDA:8,(anonymous_0)
FNDA:7,(anonymous_1)
DA:7,1
DA:8,8
DA:9,7
LF:3
LH:3
BRF:0
BRH:0
end_of_record
TN:
SF:src/utils/helpers.js
FN:9,(anonymous_0)
FN:21,(anonymous_1)
FN:27,(anonymous_2)
FN:36,(anonymous_3)
FN:44,(anonymous_4)
FNF:5
FNH:3
FNDA:7,(anonymous_0)
FNDA:7,(anonymous_1)
FNDA:0,(anonymous_2)
FNDA:6,(anonymous_3)
FNDA:0,(anonymous_4)
DA:9,4
DA:10,7
DA:16,7
DA:17,7
DA:21,4
DA:22,7
DA:23,7
DA:27,4
DA:28,0
DA:30,0
DA:31,0
DA:32,0
DA:36,4
DA:37,6
DA:38,6
DA:39,6
DA:40,6
DA:44,4
DA:45,0
DA:47,0
DA:49,0
DA:50,0
DA:53,0
LF:23
LH:14
BRDA:28,0,0,0
BRDA:28,0,1,0
BRDA:28,1,0,0
BRDA:28,1,1,0
BRDA:31,2,0,0
BRDA:31,2,1,0
BRDA:37,3,0,6
BRDA:37,3,1,1
BRDA:39,4,0,6
BRDA:39,4,1,6
BRDA:39,4,2,0
BRDA:45,5,0,0
BRDA:45,5,1,0
BRDA:49,6,0,0
BRDA:49,6,1,0
BRF:15
BRH:4
end_of_record
TN:
SF:src/validations/auth.validation.js
FNF:0
FNH:0
DA:4,1
DA:12,1
DA:18,1
DA:23,1
DA:27,1
DA:32,1
DA:37,1
DA:42,1
LF:8
LH:8
BRF:0
BRH:0
end_of_record
TN:
SF:src/validations/budget.validation.js
FNF:0
FNH:0
DA:3,0
DA:12,0
DA:21,0
DA:26,0
DA:32,0
DA:37,0
LF:6
LH:0
BRF:0
BRH:0
end_of_record
TN:
SF:src/validations/common.validation.js
FN:3,(anonymous_0)
FN:4,(anonymous_1)
FN:5,(anonymous_2)
FN:6,(anonymous_3)
FN:7,(anonymous_4)
FN:8,(anonymous_5)
FNF:6
FNH:5
FNDA:0,(anonymous_0)
FNDA:6,(anonymous_1)
FNDA:3,(anonymous_2)
FNDA:2,(anonymous_3)
FNDA:3,(anonymous_4)
FNDA:2,(anonymous_5)
DA:3,1
DA:4,6
DA:5,3
DA:6,2
DA:7,3
DA:8,2
LF:6
LH:6
BRDA:5,0,0,1
BRDA:5,1,0,1
BRDA:6,2,0,0
BRDA:7,3,0,2
BRDA:7,4,0,2
BRF:5
BRH:4
end_of_record
TN:
SF:src/validations/general.validation.js
FNF:0
FNH:0
DA:4,2
LF:1
LH:1
BRF:0
BRH:0
end_of_record
TN:
SF:src/validations/transaction.validation.js
FNF:0
FNH:0
DA:15,1
DA:39,1
DA:60,1
DA:65,1
LF:4
LH:4
BRF:0
BRH:0
end_of_record
